Using pre-set license
Built from '2021.3/staging' branch; Version is '2021.3.8f1 (b30333d56e81) revision 11731763'; Using compiler version '192829333'; Build Type 'Release'
OS: 'Windows 10  (10.0.19045) 64bit Core' Language: 'en' Physical Memory: 32160 MB
BatchMode: 1, IsHumanControllingUs: 0, StartBugReporterOnCrash: 0, Is64bit: 1, IsPro: 1

COMMAND LINE ARGUMENTS:
C:\Program Files\Unity 2021.3.8f1\Editor\Unity.exe
-adb2
-batchMode
-noUpm
-name
AssetImportWorker0
-projectPath
C:/Users/ASUS/OneDrive/Documents/JAM2023/GGJ_2023_New/GGJ_Group
-logFile
Logs/AssetImportWorker0.log
-srvPort
56008
Successfully changed project path to: C:/Users/ASUS/OneDrive/Documents/JAM2023/GGJ_2023_New/GGJ_Group
C:/Users/ASUS/OneDrive/Documents/JAM2023/GGJ_2023_New/GGJ_Group
[UnityMemory] Configuration Parameters - Can be set up in boot.config
    "memorysetup-bucket-allocator-granularity=16"
    "memorysetup-bucket-allocator-bucket-count=8"
    "memorysetup-bucket-allocator-block-size=33554432"
    "memorysetup-bucket-allocator-block-count=8"
    "memorysetup-main-allocator-block-size=16777216"
    "memorysetup-thread-allocator-block-size=16777216"
    "memorysetup-gfx-main-allocator-block-size=16777216"
    "memorysetup-gfx-thread-allocator-block-size=16777216"
    "memorysetup-cache-allocator-block-size=4194304"
    "memorysetup-typetree-allocator-block-size=2097152"
    "memorysetup-profiler-bucket-allocator-granularity=16"
    "memorysetup-profiler-bucket-allocator-bucket-count=8"
    "memorysetup-profiler-bucket-allocator-block-size=33554432"
    "memorysetup-profiler-bucket-allocator-block-count=8"
    "memorysetup-profiler-allocator-block-size=16777216"
    "memorysetup-profiler-editor-allocator-block-size=1048576"
    "memorysetup-temp-allocator-size-main=16777216"
    "memorysetup-job-temp-allocator-block-size=2097152"
    "memorysetup-job-temp-allocator-block-size-background=1048576"
    "memorysetup-job-temp-allocator-reduction-small-platforms=262144"
    "memorysetup-temp-allocator-size-background-worker=32768"
    "memorysetup-temp-allocator-size-job-worker=262144"
    "memorysetup-temp-allocator-size-preload-manager=33554432"
    "memorysetup-temp-allocator-size-nav-mesh-worker=65536"
    "memorysetup-temp-allocator-size-audio-worker=65536"
    "memorysetup-temp-allocator-size-cloud-worker=32768"
    "memorysetup-temp-allocator-size-gi-baking-worker=262144"
    "memorysetup-temp-allocator-size-gfx=262144"
Refreshing native plugins compatible for Editor in 109.21 ms, found 3 plugins.
Preloading 0 native plugins for Editor in 0.00 ms.
Initialize engine version: 2021.3.8f1 (b30333d56e81)
[Subsystems] Discovering subsystems at path C:/Program Files/Unity 2021.3.8f1/Editor/Data/Resources/UnitySubsystems
[Subsystems] Discovering subsystems at path C:/Users/ASUS/OneDrive/Documents/JAM2023/GGJ_2023_New/GGJ_Group/Assets
GfxDevice: creating device client; threaded=0; jobified=0
Direct3D:
    Version:  Direct3D 11.0 [level 11.1]
    Renderer: NVIDIA GeForce RTX 3080 Laptop GPU (ID=0x249c)
    Vendor:   NVIDIA
    VRAM:     16201 MB
    Driver:   31.0.15.1694
Initialize mono
Mono path[0] = 'C:/Program Files/Unity 2021.3.8f1/Editor/Data/Managed'
Mono path[1] = 'C:/Program Files/Unity 2021.3.8f1/Editor/Data/MonoBleedingEdge/lib/mono/unityjit-win32'
Mono config path = 'C:/Program Files/Unity 2021.3.8f1/Editor/Data/MonoBleedingEdge/etc'
Using monoOptions --debugger-agent=transport=dt_socket,embedding=1,server=y,suspend=n,address=127.0.0.1:56016
Begin MonoManager ReloadAssembly
Registering precompiled unity dll's ...
Register platform support module: C:/Program Files/Unity 2021.3.8f1/Editor/Data/PlaybackEngines/AndroidPlayer/UnityEditor.Android.Extensions.dll
Register platform support module: C:/Program Files/Unity 2021.3.8f1/Editor/Data/PlaybackEngines/iOSSupport/UnityEditor.iOS.Extensions.dll
Register platform support module: C:/Program Files/Unity 2021.3.8f1/Editor/Data/PlaybackEngines/WindowsStandaloneSupport/UnityEditor.WindowsStandalone.Extensions.dll
Registered in 0.012509 seconds.
Native extension for WindowsStandalone target not found
[usbmuxd] Start listen thread
[usbmuxd] Listen thread started
[usbmuxd] Send listen message
Native extension for iOS target not found
Native extension for Android target not found
Refreshing native plugins compatible for Editor in 100.64 ms, found 3 plugins.
Preloading 0 native plugins for Editor in 0.00 ms.
Mono: successfully reloaded assembly
- Completed reload, in  0.843 seconds
Domain Reload Profiling:
	ReloadAssembly (844ms)
		BeginReloadAssembly (97ms)
			ExecutionOrderSort (0ms)
			DisableScriptedObjects (0ms)
			BackupInstance (0ms)
			ReleaseScriptingObjects (0ms)
			CreateAndSetChildDomain (1ms)
		EndReloadAssembly (591ms)
			LoadAssemblies (94ms)
			RebuildTransferFunctionScriptingTraits (0ms)
			SetupTypeCache (132ms)
			ReleaseScriptCaches (0ms)
			RebuildScriptCaches (32ms)
			SetupLoadedEditorAssemblies (358ms)
				LogAssemblyErrors (0ms)
				InitializePlatformSupportModulesInManaged (80ms)
				SetLoadedEditorAssemblies (0ms)
				RefreshPlugins (101ms)
				BeforeProcessingInitializeOnLoad (2ms)
				ProcessInitializeOnLoadAttributes (119ms)
				ProcessInitializeOnLoadMethodAttributes (56ms)
				AfterProcessingInitializeOnLoad (0ms)
				EditorAssembliesLoaded (0ms)
			ExecutionOrderSort2 (0ms)
			AwakeInstancesAfterBackupRestoration (0ms)
Platform modules already initialized, skipping
Registering precompiled user dll's ...
Registered in 0.010072 seconds.
Begin MonoManager ReloadAssembly
Symbol file LoadedFromMemory doesn't match image C:\Users\ASUS\OneDrive\Documents\JAM2023\GGJ_2023_New\GGJ_Group\Library\PackageCache\com.unity.visualscripting@1.7.8\Editor\VisualScripting.Core\Dependencies\YamlDotNet\Unity.VisualScripting.YamlDotNet.dll
Symbol file LoadedFromMemory doesn't match image C:\Users\ASUS\OneDrive\Documents\JAM2023\GGJ_2023_New\GGJ_Group\Library\PackageCache\com.unity.visualscripting@1.7.8\Editor\VisualScripting.Core\Dependencies\DotNetZip\Unity.VisualScripting.IonicZip.dll
Native extension for WindowsStandalone target not found
Native extension for iOS target not found
Native extension for Android target not found
Refreshing native plugins compatible for Editor in 0.83 ms, found 3 plugins.
Preloading 0 native plugins for Editor in 0.00 ms.
Mono: successfully reloaded assembly
- Completed reload, in  1.413 seconds
Domain Reload Profiling:
	ReloadAssembly (1414ms)
		BeginReloadAssembly (240ms)
			ExecutionOrderSort (0ms)
			DisableScriptedObjects (6ms)
			BackupInstance (0ms)
			ReleaseScriptingObjects (0ms)
			CreateAndSetChildDomain (127ms)
		EndReloadAssembly (1029ms)
			LoadAssemblies (110ms)
			RebuildTransferFunctionScriptingTraits (0ms)
			SetupTypeCache (328ms)
			ReleaseScriptCaches (1ms)
			RebuildScriptCaches (61ms)
			SetupLoadedEditorAssemblies (487ms)
				LogAssemblyErrors (0ms)
				InitializePlatformSupportModulesInManaged (30ms)
				SetLoadedEditorAssemblies (0ms)
				RefreshPlugins (1ms)
				BeforeProcessingInitializeOnLoad (132ms)
				ProcessInitializeOnLoadAttributes (276ms)
				ProcessInitializeOnLoadMethodAttributes (33ms)
				AfterProcessingInitializeOnLoad (13ms)
				EditorAssembliesLoaded (0ms)
			ExecutionOrderSort2 (0ms)
			AwakeInstancesAfterBackupRestoration (8ms)
Platform modules already initialized, skipping
========================================================================
Worker process is ready to serve import requests
Launched and connected shader compiler UnityShaderCompiler.exe after 0.10 seconds
Refreshing native plugins compatible for Editor in 0.89 ms, found 3 plugins.
Preloading 0 native plugins for Editor in 0.00 ms.
Unloading 3377 Unused Serialized files (Serialized files now loaded: 0)
Unloading 27 unused Assets / (111.2 KB). Loaded Objects now: 3856.
Memory consumption went from 131.4 MB to 131.3 MB.
Total: 4.371300 ms (FindLiveObjects: 0.292900 ms CreateObjectMapping: 0.155000 ms MarkObjects: 3.780400 ms  DeleteObjects: 0.141700 ms)

AssetImportParameters requested are different than current active one (requested -> active):
  custom:video-decoder-ogg-theora: a1e56fd34408186e4bbccfd4996cb3dc -> 
  custom:container-muxer-webm: aa71ff27fc2769a1b78a27578f13a17b -> 
  custom:container-demuxer-webm: 4f35f7cbe854078d1ac9338744f61a02 -> 
  custom:video-encoder-webm-vp8: eb34c28f22e8b96e1ab97ce403110664 -> 
  custom:video-codec-MediaFoundation-h265: 746d11721c4dcdbdad8f713fa42b33f4 -> 
  custom:audio-encoder-webm-vorbis: bf7c407c2cedff20999df2af8eb42d56 -> 
  custom:framework-win-MediaFoundation: 216162199b28c13a410421893ffa2e32 -> 
  custom:container-demuxer-ogg: 62fdf1f143b41e24485cea50d1cbac27 -> 
  custom:video-decoder-webm-vp8: 9c59270c3fd7afecdb556c50c9e8de78 -> 
  custom:audio-decoder-ogg-vorbis: bf7c407c2cedff20999df2af8eb42d56 -> 
========================================================================
Received Import Request.
  Time since last request: 112778.075690 seconds.
  path: Assets/Pure Poly/Free Low Poly Nature Pack/Prefabs/PP_Sunflower_04.prefab
  artifactKey: Guid(18bb023d75a113f4cb8d1452371f5c0e) Importer(815301076,1909f56bfc062723c751e8b465ee728b)
Start importing Assets/Pure Poly/Free Low Poly Nature Pack/Prefabs/PP_Sunflower_04.prefab using Guid(18bb023d75a113f4cb8d1452371f5c0e) Importer(815301076,1909f56bfc062723c751e8b465ee728b)  -> (artifact id: '8ddad22f84b4652c1c119ea7f79aa7cf') in 0.135798 seconds 
========================================================================
Received Import Request.
  Time since last request: 0.000022 seconds.
  path: Assets/Pure Poly/Free Low Poly Nature Pack/Prefabs/PP_Mushroom_Fantasy_Purple_05.prefab
  artifactKey: Guid(d354c41a99993964baca0254487708d1) Importer(815301076,1909f56bfc062723c751e8b465ee728b)
Start importing Assets/Pure Poly/Free Low Poly Nature Pack/Prefabs/PP_Mushroom_Fantasy_Purple_05.prefab using Guid(d354c41a99993964baca0254487708d1) Importer(815301076,1909f56bfc062723c751e8b465ee728b)  -> (artifact id: '832476a1ef98173c8f64d02b316ae60a') in 0.012362 seconds 
========================================================================
Received Import Request.
  Time since last request: 0.000031 seconds.
  path: Assets/Pure Poly/Free Low Poly Nature Pack/Prefabs/PP_Birch_Tree_06.prefab
  artifactKey: Guid(a2bd798ea40c7e341aa61ad124d95342) Importer(815301076,1909f56bfc062723c751e8b465ee728b)
Start importing Assets/Pure Poly/Free Low Poly Nature Pack/Prefabs/PP_Birch_Tree_06.prefab using Guid(a2bd798ea40c7e341aa61ad124d95342) Importer(815301076,1909f56bfc062723c751e8b465ee728b)  -> (artifact id: '00459baecea900c7d42a599ae1f11c5e') in 0.016291 seconds 
========================================================================
Received Import Request.
  Time since last request: 0.000026 seconds.
  path: Assets/Pure Poly/Free Low Poly Nature Pack/Prefabs/PP_Grass_15.prefab
  artifactKey: Guid(b8217b9c1183a5144b666d1dd63980c4) Importer(815301076,1909f56bfc062723c751e8b465ee728b)
Start importing Assets/Pure Poly/Free Low Poly Nature Pack/Prefabs/PP_Grass_15.prefab using Guid(b8217b9c1183a5144b666d1dd63980c4) Importer(815301076,1909f56bfc062723c751e8b465ee728b)  -> (artifact id: 'c06b2b3401f15809632511234fcd8037') in 0.012834 seconds 
========================================================================
Received Import Request.
  Time since last request: 0.000041 seconds.
  path: Assets/Pure Poly/Free Low Poly Nature Pack/Prefabs/PP_Rock_Moss_Grown_09.prefab
  artifactKey: Guid(24457fdf8e66c3c49b7599931e0fdcb2) Importer(815301076,1909f56bfc062723c751e8b465ee728b)
Start importing Assets/Pure Poly/Free Low Poly Nature Pack/Prefabs/PP_Rock_Moss_Grown_09.prefab using Guid(24457fdf8e66c3c49b7599931e0fdcb2) Importer(815301076,1909f56bfc062723c751e8b465ee728b)  -> (artifact id: '55ff1d3c55211d8862e221bf0ebb17e7') in 0.018284 seconds 
========================================================================
Received Import Request.
  Time since last request: 0.000031 seconds.
  path: Assets/Pure Poly/Free Low Poly Nature Pack/Prefabs/PP_Rock_Pile_Forest_Moss_05.prefab
  artifactKey: Guid(9a91bc2b0a89c4748a0c5b940bd461a7) Importer(815301076,1909f56bfc062723c751e8b465ee728b)
Start importing Assets/Pure Poly/Free Low Poly Nature Pack/Prefabs/PP_Rock_Pile_Forest_Moss_05.prefab using Guid(9a91bc2b0a89c4748a0c5b940bd461a7) Importer(815301076,1909f56bfc062723c751e8b465ee728b)  -> (artifact id: '7e7de7024bba163c9150d8e202506d39') in 0.014682 seconds 
========================================================================
Received Import Request.
  Time since last request: 0.000032 seconds.
  path: Assets/Pure Poly/Free Low Poly Nature Pack/Prefabs/PP_Daffodil_03.prefab
  artifactKey: Guid(13dd10d6717971d4ea9125d158299b1e) Importer(815301076,1909f56bfc062723c751e8b465ee728b)
Start importing Assets/Pure Poly/Free Low Poly Nature Pack/Prefabs/PP_Daffodil_03.prefab using Guid(13dd10d6717971d4ea9125d158299b1e) Importer(815301076,1909f56bfc062723c751e8b465ee728b)  -> (artifact id: 'bbb86630119dcc273215b35cd43b3667') in 0.012941 seconds 
========================================================================
Received Import Request.
  Time since last request: 0.000019 seconds.
  path: Assets/Pure Poly/Free Low Poly Nature Pack/Prefabs/PP_Meadow_08.prefab
  artifactKey: Guid(7baba197ce36c92439b423eabaad3737) Importer(815301076,1909f56bfc062723c751e8b465ee728b)
Start importing Assets/Pure Poly/Free Low Poly Nature Pack/Prefabs/PP_Meadow_08.prefab using Guid(7baba197ce36c92439b423eabaad3737) Importer(815301076,1909f56bfc062723c751e8b465ee728b)  -> (artifact id: '4746a84ad2caf1bfc5b3854be84319ea') in 0.012052 seconds 
========================================================================
Received Import Request.
  Time since last request: 0.000021 seconds.
  path: Assets/Pure Poly/Free Low Poly Nature Pack/Prefabs/PP_Hyacinth_04.prefab
  artifactKey: Guid(194e9111af0c33840a49d573f2b26952) Importer(815301076,1909f56bfc062723c751e8b465ee728b)
Start importing Assets/Pure Poly/Free Low Poly Nature Pack/Prefabs/PP_Hyacinth_04.prefab using Guid(194e9111af0c33840a49d573f2b26952) Importer(815301076,1909f56bfc062723c751e8b465ee728b)  -> (artifact id: '6c1a0237749bfd4c765f67b9411e3f3c') in 0.011287 seconds 
========================================================================
Received Import Request.
  Time since last request: 0.000043 seconds.
  path: Assets/Pure Poly/Free Low Poly Nature Pack/Prefabs/PP_Mushroom_Fantasy_Purple_08.prefab
  artifactKey: Guid(d3ee913ed32937344b0587e70dc777a2) Importer(815301076,1909f56bfc062723c751e8b465ee728b)
Start importing Assets/Pure Poly/Free Low Poly Nature Pack/Prefabs/PP_Mushroom_Fantasy_Purple_08.prefab using Guid(d3ee913ed32937344b0587e70dc777a2) Importer(815301076,1909f56bfc062723c751e8b465ee728b)  -> (artifact id: '0020bae8ecdad620249f9506aa42b64f') in 0.017451 seconds 
========================================================================
Received Import Request.
  Time since last request: 0.000023 seconds.
  path: Assets/Pure Poly/Free Low Poly Nature Pack/Prefabs/PP_Meadow_Path_05.prefab
  artifactKey: Guid(d5b8de414112a004a82d0437b5f7a780) Importer(815301076,1909f56bfc062723c751e8b465ee728b)
Start importing Assets/Pure Poly/Free Low Poly Nature Pack/Prefabs/PP_Meadow_Path_05.prefab using Guid(d5b8de414112a004a82d0437b5f7a780) Importer(815301076,1909f56bfc062723c751e8b465ee728b)  -> (artifact id: 'dfe5bf9d8083c507ed5a0dac05646b06') in 0.012650 seconds 
========================================================================
Received Import Request.
  Time since last request: 6.883262 seconds.
  path: Assets/Low Poly Environment Starter Kit/Prefabs
  artifactKey: Guid(b4d4679356162784c892d878a01f42a6) Importer(815301076,1909f56bfc062723c751e8b465ee728b)
Start importing Assets/Low Poly Environment Starter Kit/Prefabs using Guid(b4d4679356162784c892d878a01f42a6) Importer(815301076,1909f56bfc062723c751e8b465ee728b)  -> (artifact id: 'f5d267907633e7afd1f7748c587da0e4') in 0.001887 seconds 
========================================================================
Received Import Request.
  Time since last request: 1.185865 seconds.
  path: Assets/Low Poly Environment Starter Kit/Prefabs/Standard
  artifactKey: Guid(ff6517277e1973943a30ca8ab0dd7b91) Importer(815301076,1909f56bfc062723c751e8b465ee728b)
Start importing Assets/Low Poly Environment Starter Kit/Prefabs/Standard using Guid(ff6517277e1973943a30ca8ab0dd7b91) Importer(815301076,1909f56bfc062723c751e8b465ee728b)  -> (artifact id: 'af9a01bd8914a86d53a68dfe3480c4d7') in 0.002161 seconds 
========================================================================
Received Import Request.
  Time since last request: 1.383338 seconds.
  path: Assets/Low Poly Environment Starter Kit/Prefabs/Standard/Terrains
  artifactKey: Guid(261b1f62fa62d8e419edc5753ef305b5) Importer(815301076,1909f56bfc062723c751e8b465ee728b)
Start importing Assets/Low Poly Environment Starter Kit/Prefabs/Standard/Terrains using Guid(261b1f62fa62d8e419edc5753ef305b5) Importer(815301076,1909f56bfc062723c751e8b465ee728b)  -> (artifact id: 'a0a977255b887131eb295d1a4cfe87a7') in 0.002156 seconds 
========================================================================
Received Import Request.
  Time since last request: 0.141424 seconds.
  path: Assets/Low Poly Environment Starter Kit/Prefabs/Standard/Terrains/Canyon.prefab
  artifactKey: Guid(985c3c522ee33b741aab32c7e218ad76) Importer(815301076,1909f56bfc062723c751e8b465ee728b)
Start importing Assets/Low Poly Environment Starter Kit/Prefabs/Standard/Terrains/Canyon.prefab using Guid(985c3c522ee33b741aab32c7e218ad76) Importer(815301076,1909f56bfc062723c751e8b465ee728b)  -> (artifact id: 'bfa18662c4d0cc1fef098a61de98dde4') in 0.017087 seconds 
========================================================================
Received Import Request.
  Time since last request: 0.000025 seconds.
  path: Assets/Low Poly Environment Starter Kit/Prefabs/Standard/Terrains/Mountain 3.prefab
  artifactKey: Guid(6baa815c0a819ba4aa43eeea7a177a2a) Importer(815301076,1909f56bfc062723c751e8b465ee728b)
Start importing Assets/Low Poly Environment Starter Kit/Prefabs/Standard/Terrains/Mountain 3.prefab using Guid(6baa815c0a819ba4aa43eeea7a177a2a) Importer(815301076,1909f56bfc062723c751e8b465ee728b)  -> (artifact id: '68efba48e0c03220ad82ca8d9c3686d4') in 0.103673 seconds 
========================================================================
Received Import Request.
  Time since last request: 0.000021 seconds.
  path: Assets/Low Poly Environment Starter Kit/Prefabs/Standard/Terrains/Lake.prefab
  artifactKey: Guid(52b913ae760450748b3689351167e95d) Importer(815301076,1909f56bfc062723c751e8b465ee728b)
Start importing Assets/Low Poly Environment Starter Kit/Prefabs/Standard/Terrains/Lake.prefab using Guid(52b913ae760450748b3689351167e95d) Importer(815301076,1909f56bfc062723c751e8b465ee728b)  -> (artifact id: '06eedcc544ac30614594e213d791ff01') in 0.061484 seconds 
========================================================================
Received Import Request.
  Time since last request: 43.624887 seconds.
  path: Assets/BrokenVector/LowPolyRockPack
  artifactKey: Guid(fb6ca30714ea3ea489f5394dcfaf59e1) Importer(815301076,1909f56bfc062723c751e8b465ee728b)
Start importing Assets/BrokenVector/LowPolyRockPack using Guid(fb6ca30714ea3ea489f5394dcfaf59e1) Importer(815301076,1909f56bfc062723c751e8b465ee728b)  -> (artifact id: 'e9e2ca4834da11192f9858fab1f2ac02') in 0.002420 seconds 
========================================================================
Received Import Request.
  Time since last request: 1.034826 seconds.
  path: Assets/BrokenVector/LowPolyRockPack/Models
  artifactKey: Guid(98a9a7689e636484b90e071418dbf482) Importer(815301076,1909f56bfc062723c751e8b465ee728b)
Start importing Assets/BrokenVector/LowPolyRockPack/Models using Guid(98a9a7689e636484b90e071418dbf482) Importer(815301076,1909f56bfc062723c751e8b465ee728b)  -> (artifact id: 'df845e67f7945bd999cc5d8d601a2899') in 0.003102 seconds 
========================================================================
Received Import Request.
  Time since last request: 0.138936 seconds.
  path: Assets/BrokenVector/LowPolyRockPack/Models/Rock Type1 01.dae
  artifactKey: Guid(beb8ceccb376f684095ae1a93f088717) Importer(815301076,1909f56bfc062723c751e8b465ee728b)
Start importing Assets/BrokenVector/LowPolyRockPack/Models/Rock Type1 01.dae using Guid(beb8ceccb376f684095ae1a93f088717) Importer(815301076,1909f56bfc062723c751e8b465ee728b)  -> (artifact id: 'd5bc151d3799183957cab2c885ce6ed3') in 0.039797 seconds 
========================================================================
Received Import Request.
  Time since last request: 0.000039 seconds.
  path: Assets/BrokenVector/LowPolyRockPack/Models/Rock Type3 04.dae
  artifactKey: Guid(f50da248aa3fb334ab1caff0974120bf) Importer(815301076,1909f56bfc062723c751e8b465ee728b)
Start importing Assets/BrokenVector/LowPolyRockPack/Models/Rock Type3 04.dae using Guid(f50da248aa3fb334ab1caff0974120bf) Importer(815301076,1909f56bfc062723c751e8b465ee728b)  -> (artifact id: 'e6fbf3b7ffa681dc3e98326fad7b4464') in 0.017374 seconds 
========================================================================
Received Import Request.
  Time since last request: 0.000030 seconds.
  path: Assets/BrokenVector/LowPolyRockPack/Models/Rock Type5 01.dae
  artifactKey: Guid(e6630d62478f89847ba57d087ab513c5) Importer(815301076,1909f56bfc062723c751e8b465ee728b)
Start importing Assets/BrokenVector/LowPolyRockPack/Models/Rock Type5 01.dae using Guid(e6630d62478f89847ba57d087ab513c5) Importer(815301076,1909f56bfc062723c751e8b465ee728b)  -> (artifact id: '6c44231e1862f226ce20c28d5dd37e66') in 0.016176 seconds 
========================================================================
Received Import Request.
  Time since last request: 0.000042 seconds.
  path: Assets/BrokenVector/LowPolyRockPack/Models/Rock Type5 04.dae
  artifactKey: Guid(63d2b0fa33464ad49bcded49a4303d23) Importer(815301076,1909f56bfc062723c751e8b465ee728b)
Start importing Assets/BrokenVector/LowPolyRockPack/Models/Rock Type5 04.dae using Guid(63d2b0fa33464ad49bcded49a4303d23) Importer(815301076,1909f56bfc062723c751e8b465ee728b)  -> (artifact id: 'ebdf65204f9fe89578a05618f3c26069') in 0.017372 seconds 
========================================================================
Received Import Request.
  Time since last request: 0.000052 seconds.
  path: Assets/BrokenVector/LowPolyRockPack/Models/Rock Type3 03.dae
  artifactKey: Guid(08d02c187472d684096f88c67beb6890) Importer(815301076,1909f56bfc062723c751e8b465ee728b)
Start importing Assets/BrokenVector/LowPolyRockPack/Models/Rock Type3 03.dae using Guid(08d02c187472d684096f88c67beb6890) Importer(815301076,1909f56bfc062723c751e8b465ee728b)  -> (artifact id: '07a6e1fe2b923cadc100f7552249fbf2') in 0.014514 seconds 
========================================================================
Received Import Request.
  Time since last request: 0.000029 seconds.
  path: Assets/BrokenVector/LowPolyRockPack/Models/Rock Type4 01.dae
  artifactKey: Guid(4f025ccab8429664ea3422a254c221ca) Importer(815301076,1909f56bfc062723c751e8b465ee728b)
Start importing Assets/BrokenVector/LowPolyRockPack/Models/Rock Type4 01.dae using Guid(4f025ccab8429664ea3422a254c221ca) Importer(815301076,1909f56bfc062723c751e8b465ee728b)  -> (artifact id: '1a83709953f4f6f5c0702f0df6545b47') in 0.016672 seconds 
========================================================================
Received Import Request.
  Time since last request: 0.000019 seconds.
  path: Assets/BrokenVector/LowPolyRockPack/Models/Rock Type2 01.dae
  artifactKey: Guid(6425f5e52f03e4340a3afa5f62f57a0d) Importer(815301076,1909f56bfc062723c751e8b465ee728b)
Start importing Assets/BrokenVector/LowPolyRockPack/Models/Rock Type2 01.dae using Guid(6425f5e52f03e4340a3afa5f62f57a0d) Importer(815301076,1909f56bfc062723c751e8b465ee728b)  -> (artifact id: 'f5c5562d8e813a4969b507390f51b8cb') in 0.019205 seconds 
========================================================================
Received Import Request.
  Time since last request: 0.000023 seconds.
  path: Assets/BrokenVector/LowPolyRockPack/Models/Rock Type4 04.dae
  artifactKey: Guid(4ae004581940d5b4893d1326d72ca2d7) Importer(815301076,1909f56bfc062723c751e8b465ee728b)
Start importing Assets/BrokenVector/LowPolyRockPack/Models/Rock Type4 04.dae using Guid(4ae004581940d5b4893d1326d72ca2d7) Importer(815301076,1909f56bfc062723c751e8b465ee728b)  -> (artifact id: 'af50ad805e8cc7f7514c437e654e7f42') in 0.018518 seconds 
========================================================================
Received Import Request.
  Time since last request: 0.000027 seconds.
  path: Assets/BrokenVector/LowPolyRockPack/Models/Rock Type6 02.dae
  artifactKey: Guid(d9a37c1e81c2edd418eab77179043eb0) Importer(815301076,1909f56bfc062723c751e8b465ee728b)
Start importing Assets/BrokenVector/LowPolyRockPack/Models/Rock Type6 02.dae using Guid(d9a37c1e81c2edd418eab77179043eb0) Importer(815301076,1909f56bfc062723c751e8b465ee728b)  -> (artifact id: 'cf530b4c654a57be3c743099b44099a1') in 0.015641 seconds 
========================================================================
Received Import Request.
  Time since last request: 0.000022 seconds.
  path: Assets/BrokenVector/LowPolyRockPack/Models/Rock Type5 03.dae
  artifactKey: Guid(8b9e37193d32fc840b941d5ea3cf8aed) Importer(815301076,1909f56bfc062723c751e8b465ee728b)
Start importing Assets/BrokenVector/LowPolyRockPack/Models/Rock Type5 03.dae using Guid(8b9e37193d32fc840b941d5ea3cf8aed) Importer(815301076,1909f56bfc062723c751e8b465ee728b)  -> (artifact id: '970b83b23d521d21fd58c51eb63503d7') in 0.020986 seconds 
========================================================================
Received Import Request.
  Time since last request: 0.000024 seconds.
  path: Assets/BrokenVector/LowPolyRockPack/Models/Rock Type3 01.dae
  artifactKey: Guid(d01883e876066d54280ca7ceb187f173) Importer(815301076,1909f56bfc062723c751e8b465ee728b)
Start importing Assets/BrokenVector/LowPolyRockPack/Models/Rock Type3 01.dae using Guid(d01883e876066d54280ca7ceb187f173) Importer(815301076,1909f56bfc062723c751e8b465ee728b)  -> (artifact id: 'bd7990ebc4d637a5baffe36fefc4ca06') in 0.015545 seconds 
========================================================================
Received Import Request.
  Time since last request: 0.000031 seconds.
  path: Assets/BrokenVector/LowPolyRockPack/Models/Rock Type2 03.dae
  artifactKey: Guid(a797bea746bba59439067b50859ce461) Importer(815301076,1909f56bfc062723c751e8b465ee728b)
Start importing Assets/BrokenVector/LowPolyRockPack/Models/Rock Type2 03.dae using Guid(a797bea746bba59439067b50859ce461) Importer(815301076,1909f56bfc062723c751e8b465ee728b)  -> (artifact id: '5f0fa72d0d4c232fd6805b14ad971a09') in 0.017538 seconds 
========================================================================
Received Import Request.
  Time since last request: 4.770309 seconds.
  path: Assets/BrokenVector/LowPolyRockPack/Prefabs
  artifactKey: Guid(79d1a871533b28849beed9b359cca993) Importer(815301076,1909f56bfc062723c751e8b465ee728b)
Start importing Assets/BrokenVector/LowPolyRockPack/Prefabs using Guid(79d1a871533b28849beed9b359cca993) Importer(815301076,1909f56bfc062723c751e8b465ee728b)  -> (artifact id: 'fbc61277fdb1154d36d78015cc9a7725') in 0.002284 seconds 
========================================================================
Received Import Request.
  Time since last request: 0.149813 seconds.
  path: Assets/BrokenVector/LowPolyRockPack/Prefabs/Rock Type1 01.prefab
  artifactKey: Guid(75283e9ef15245c4aab126ec6525dd2a) Importer(815301076,1909f56bfc062723c751e8b465ee728b)
Start importing Assets/BrokenVector/LowPolyRockPack/Prefabs/Rock Type1 01.prefab using Guid(75283e9ef15245c4aab126ec6525dd2a) Importer(815301076,1909f56bfc062723c751e8b465ee728b)  -> (artifact id: 'b36528245dd94c26d9f60e035dcb1085') in 0.013083 seconds 
========================================================================
Received Import Request.
  Time since last request: 0.000019 seconds.
  path: Assets/BrokenVector/LowPolyRockPack/Prefabs/Rock Type2 04.prefab
  artifactKey: Guid(5578b82f17c954843901e8b68ca21dcc) Importer(815301076,1909f56bfc062723c751e8b465ee728b)
Start importing Assets/BrokenVector/LowPolyRockPack/Prefabs/Rock Type2 04.prefab using Guid(5578b82f17c954843901e8b68ca21dcc) Importer(815301076,1909f56bfc062723c751e8b465ee728b)  -> (artifact id: '805c5775e8f2c30bd567f571c73828d6') in 0.010568 seconds 
========================================================================
Received Import Request.
  Time since last request: 0.000026 seconds.
  path: Assets/BrokenVector/LowPolyRockPack/Prefabs/Rock Type2 02.prefab
  artifactKey: Guid(41dcf1459594f434a8a9bae6ae03eab0) Importer(815301076,1909f56bfc062723c751e8b465ee728b)
Start importing Assets/BrokenVector/LowPolyRockPack/Prefabs/Rock Type2 02.prefab using Guid(41dcf1459594f434a8a9bae6ae03eab0) Importer(815301076,1909f56bfc062723c751e8b465ee728b)  -> (artifact id: '91991b625fe5ad35adce8020f7e0d07c') in 0.013867 seconds 
========================================================================
Received Import Request.
  Time since last request: 0.000030 seconds.
  path: Assets/BrokenVector/LowPolyRockPack/Prefabs/Rock Type6 03.prefab
  artifactKey: Guid(48333a5aa700be24c963813c82ef05d9) Importer(815301076,1909f56bfc062723c751e8b465ee728b)
Start importing Assets/BrokenVector/LowPolyRockPack/Prefabs/Rock Type6 03.prefab using Guid(48333a5aa700be24c963813c82ef05d9) Importer(815301076,1909f56bfc062723c751e8b465ee728b)  -> (artifact id: '17e1acf897003691cd8caef3da579328') in 0.010138 seconds 
========================================================================
Received Import Request.
  Time since last request: 0.000022 seconds.
  path: Assets/BrokenVector/LowPolyRockPack/Prefabs/Rock Type1 03.prefab
  artifactKey: Guid(85f4229977c9ee247bc4425710c5b0c4) Importer(815301076,1909f56bfc062723c751e8b465ee728b)
Start importing Assets/BrokenVector/LowPolyRockPack/Prefabs/Rock Type1 03.prefab using Guid(85f4229977c9ee247bc4425710c5b0c4) Importer(815301076,1909f56bfc062723c751e8b465ee728b)  -> (artifact id: 'fef522fc0c7464bf55c1871f8bb65a6d') in 0.010920 seconds 
========================================================================
Received Import Request.
  Time since last request: 0.000024 seconds.
  path: Assets/BrokenVector/LowPolyRockPack/Prefabs/Rock Type4 01.prefab
  artifactKey: Guid(e9661e4c2bfea8344a07064944abe034) Importer(815301076,1909f56bfc062723c751e8b465ee728b)
Start importing Assets/BrokenVector/LowPolyRockPack/Prefabs/Rock Type4 01.prefab using Guid(e9661e4c2bfea8344a07064944abe034) Importer(815301076,1909f56bfc062723c751e8b465ee728b)  -> (artifact id: '8afe1824c186a0a09e3657f49f532265') in 0.012579 seconds 
========================================================================
Received Import Request.
  Time since last request: 0.000023 seconds.
  path: Assets/BrokenVector/LowPolyRockPack/Prefabs/Rock Type6 04.prefab
  artifactKey: Guid(7710ce4a7ee932b4a86742119e3babae) Importer(815301076,1909f56bfc062723c751e8b465ee728b)
Start importing Assets/BrokenVector/LowPolyRockPack/Prefabs/Rock Type6 04.prefab using Guid(7710ce4a7ee932b4a86742119e3babae) Importer(815301076,1909f56bfc062723c751e8b465ee728b)  -> (artifact id: '7254f8bc9a6511c82988b180edeb9ebb') in 0.010936 seconds 
========================================================================
Received Import Request.
  Time since last request: 0.000028 seconds.
  path: Assets/BrokenVector/LowPolyRockPack/Prefabs/Rock Type5 03.prefab
  artifactKey: Guid(1fdb4e5d510354f43bcd6ed13b8eb3be) Importer(815301076,1909f56bfc062723c751e8b465ee728b)
Start importing Assets/BrokenVector/LowPolyRockPack/Prefabs/Rock Type5 03.prefab using Guid(1fdb4e5d510354f43bcd6ed13b8eb3be) Importer(815301076,1909f56bfc062723c751e8b465ee728b)  -> (artifact id: '9fb1e778e19042abece4daad8b191c20') in 0.010966 seconds 
========================================================================
Received Import Request.
  Time since last request: 0.000056 seconds.
  path: Assets/BrokenVector/LowPolyRockPack/Prefabs/Rock Type3 03.prefab
  artifactKey: Guid(be320b6d231cacc4894038f2c3375674) Importer(815301076,1909f56bfc062723c751e8b465ee728b)
Start importing Assets/BrokenVector/LowPolyRockPack/Prefabs/Rock Type3 03.prefab using Guid(be320b6d231cacc4894038f2c3375674) Importer(815301076,1909f56bfc062723c751e8b465ee728b)  -> (artifact id: 'bab09c61b6ec694fbed4e14d97349d1e') in 0.011459 seconds 
========================================================================
Received Import Request.
  Time since last request: 0.000022 seconds.
  path: Assets/BrokenVector/LowPolyRockPack/Prefabs/Rock Type5 04.prefab
  artifactKey: Guid(329d0b0187f24cd4da9f775d83708bd6) Importer(815301076,1909f56bfc062723c751e8b465ee728b)
Start importing Assets/BrokenVector/LowPolyRockPack/Prefabs/Rock Type5 04.prefab using Guid(329d0b0187f24cd4da9f775d83708bd6) Importer(815301076,1909f56bfc062723c751e8b465ee728b)  -> (artifact id: 'a48a132a7cf90beb20dc9e8916afb909') in 0.010756 seconds 
========================================================================
Received Import Request.
  Time since last request: 0.000029 seconds.
  path: Assets/BrokenVector/LowPolyRockPack/Prefabs/Rock Type4 02.prefab
  artifactKey: Guid(3a699487877e77b439ff09deb77625e5) Importer(815301076,1909f56bfc062723c751e8b465ee728b)
Start importing Assets/BrokenVector/LowPolyRockPack/Prefabs/Rock Type4 02.prefab using Guid(3a699487877e77b439ff09deb77625e5) Importer(815301076,1909f56bfc062723c751e8b465ee728b)  -> (artifact id: '427f5c7964c57350ea76f8d47d884aef') in 0.011764 seconds 
========================================================================
Received Import Request.
  Time since last request: 0.000024 seconds.
  path: Assets/BrokenVector/LowPolyRockPack/Prefabs/Rock Type2 03.prefab
  artifactKey: Guid(36cf43d46aeb7494b82aa54d61da3bd7) Importer(815301076,1909f56bfc062723c751e8b465ee728b)
Start importing Assets/BrokenVector/LowPolyRockPack/Prefabs/Rock Type2 03.prefab using Guid(36cf43d46aeb7494b82aa54d61da3bd7) Importer(815301076,1909f56bfc062723c751e8b465ee728b)  -> (artifact id: '388806781c252984ae3aee81c0700389') in 0.012106 seconds 
========================================================================
Received Import Request.
  Time since last request: 184.824379 seconds.
  path: Assets/BrokenVector/LowPolyRockPack/Textures/Colorsheet Rock Green.png
  artifactKey: Guid(261daef070ff0384db9965e419ec9f35) Importer(815301076,1909f56bfc062723c751e8b465ee728b)
Start importing Assets/BrokenVector/LowPolyRockPack/Textures/Colorsheet Rock Green.png using Guid(261daef070ff0384db9965e419ec9f35) Importer(815301076,1909f56bfc062723c751e8b465ee728b)  -> (artifact id: '2dbc06489918619ad328d45aa58ec3f1') in 0.037103 seconds 
========================================================================
Received Import Request.
  Time since last request: 0.000023 seconds.
  path: Assets/BrokenVector/LowPolyRockPack/Textures/Colorsheet Rock Sand.png
  artifactKey: Guid(dd4ddf430e155f54cb27867f5a466c16) Importer(815301076,1909f56bfc062723c751e8b465ee728b)
Start importing Assets/BrokenVector/LowPolyRockPack/Textures/Colorsheet Rock Sand.png using Guid(dd4ddf430e155f54cb27867f5a466c16) Importer(815301076,1909f56bfc062723c751e8b465ee728b)  -> (artifact id: '0ca25a9d08a582ad74635d1d367d0684') in 0.010299 seconds 
========================================================================
Received Import Request.
  Time since last request: 2.085183 seconds.
  path: Assets/Handpainted_Grass_and_Ground_Textures/Demo/terrain_layers/Grass_lighted_right.terrainlayer
  artifactKey: Guid(0cc50b69c88e8434eab1b49d54585984) Importer(815301076,1909f56bfc062723c751e8b465ee728b)
Start importing Assets/Handpainted_Grass_and_Ground_Textures/Demo/terrain_layers/Grass_lighted_right.terrainlayer using Guid(0cc50b69c88e8434eab1b49d54585984) Importer(815301076,1909f56bfc062723c751e8b465ee728b)  -> (artifact id: 'e6fa62be64ba8472b434320b823ac937') in 0.031654 seconds 
========================================================================
Received Import Request.
  Time since last request: 32.246521 seconds.
  path: Assets/Low Poly Environment Starter Kit/Prefabs/Standard/Trees/Pine 1.prefab
  artifactKey: Guid(3be3923ddd545164f8376f689eb7d410) Importer(815301076,1909f56bfc062723c751e8b465ee728b)
Start importing Assets/Low Poly Environment Starter Kit/Prefabs/Standard/Trees/Pine 1.prefab using Guid(3be3923ddd545164f8376f689eb7d410) Importer(815301076,1909f56bfc062723c751e8b465ee728b)  -> (artifact id: 'ff77a9beb1b37715b316dce0053c4885') in 0.018252 seconds 
========================================================================
Received Import Request.
  Time since last request: 0.000024 seconds.
  path: Assets/Low Poly Environment Starter Kit/Prefabs/Standard/Trees/Tree 6.prefab
  artifactKey: Guid(592e4b3b537c0544394e72880ee78009) Importer(815301076,1909f56bfc062723c751e8b465ee728b)
Start importing Assets/Low Poly Environment Starter Kit/Prefabs/Standard/Trees/Tree 6.prefab using Guid(592e4b3b537c0544394e72880ee78009) Importer(815301076,1909f56bfc062723c751e8b465ee728b)  -> (artifact id: 'a573dc225adde094ae5335e1b6f18371') in 0.015178 seconds 
========================================================================
Received Import Request.
  Time since last request: 0.000026 seconds.
  path: Assets/Low Poly Environment Starter Kit/Prefabs/Standard/Trees/Pine 5.prefab
  artifactKey: Guid(d2c01e12643106a429a67af5d844dc1b) Importer(815301076,1909f56bfc062723c751e8b465ee728b)
Start importing Assets/Low Poly Environment Starter Kit/Prefabs/Standard/Trees/Pine 5.prefab using Guid(d2c01e12643106a429a67af5d844dc1b) Importer(815301076,1909f56bfc062723c751e8b465ee728b)  -> (artifact id: '574f92e2df0ad9ffcb63d15c3ad6f794') in 0.015203 seconds 
========================================================================
Received Import Request.
  Time since last request: 0.000028 seconds.
  path: Assets/Low Poly Environment Starter Kit/Prefabs/Standard/Trees/Tree 1.prefab
  artifactKey: Guid(abd7bfb0d3fd5a348a745a6585dc01a9) Importer(815301076,1909f56bfc062723c751e8b465ee728b)
Start importing Assets/Low Poly Environment Starter Kit/Prefabs/Standard/Trees/Tree 1.prefab using Guid(abd7bfb0d3fd5a348a745a6585dc01a9) Importer(815301076,1909f56bfc062723c751e8b465ee728b)  -> (artifact id: '1617c6b2fdcae876be07791b9c5d9521') in 0.023547 seconds 
========================================================================
Received Import Request.
  Time since last request: 0.000019 seconds.
  path: Assets/Low Poly Environment Starter Kit/Prefabs/Standard/Trees/Tree 2.prefab
  artifactKey: Guid(736efe72efede414a8955df0ee9aa2a4) Importer(815301076,1909f56bfc062723c751e8b465ee728b)
Start importing Assets/Low Poly Environment Starter Kit/Prefabs/Standard/Trees/Tree 2.prefab using Guid(736efe72efede414a8955df0ee9aa2a4) Importer(815301076,1909f56bfc062723c751e8b465ee728b)  -> (artifact id: 'ba0e3c4140d924fc3e54c7e1468c4e84') in 0.013616 seconds 
========================================================================
Received Import Request.
  Time since last request: 0.000024 seconds.
  path: Assets/Low Poly Environment Starter Kit/Prefabs/Standard/Trees/Tree 8.prefab
  artifactKey: Guid(e4a0e1853706c7246a1d8292ced46058) Importer(815301076,1909f56bfc062723c751e8b465ee728b)
Start importing Assets/Low Poly Environment Starter Kit/Prefabs/Standard/Trees/Tree 8.prefab using Guid(e4a0e1853706c7246a1d8292ced46058) Importer(815301076,1909f56bfc062723c751e8b465ee728b)  -> (artifact id: '2c9536b970b06b5876f2d1e2c8b64615') in 0.016260 seconds 
========================================================================
Received Import Request.
  Time since last request: 0.000021 seconds.
  path: Assets/Low Poly Environment Starter Kit/Prefabs/Standard/Trees/Tree 5.prefab
  artifactKey: Guid(7a91bca74e8b8574dbb2ef5d02bd82c3) Importer(815301076,1909f56bfc062723c751e8b465ee728b)
Start importing Assets/Low Poly Environment Starter Kit/Prefabs/Standard/Trees/Tree 5.prefab using Guid(7a91bca74e8b8574dbb2ef5d02bd82c3) Importer(815301076,1909f56bfc062723c751e8b465ee728b)  -> (artifact id: '918578b1a348437213552a540711a258') in 0.012450 seconds 
========================================================================
Received Import Request.
  Time since last request: 696.409722 seconds.
  path: Assets/Handpainted_Grass_and_Ground_Textures/Textures/Dirt/dirt_corrupted_lighted/dirt_corrupted_lighted_left.png
  artifactKey: Guid(af5d8a637252654458c60eba7ad36bae) Importer(815301076,1909f56bfc062723c751e8b465ee728b)
Start importing Assets/Handpainted_Grass_and_Ground_Textures/Textures/Dirt/dirt_corrupted_lighted/dirt_corrupted_lighted_left.png using Guid(af5d8a637252654458c60eba7ad36bae) Importer(815301076,1909f56bfc062723c751e8b465ee728b)  -> (artifact id: 'a04d54ca8358c0252a193857438956b5') in 0.011738 seconds 
========================================================================
Received Import Request.
  Time since last request: 15.133718 seconds.
  path: Assets/Handpainted_Grass_and_Ground_Textures/Textures/Dirt/dirt_overcorrupted/dirt_overcorrupted_left.png
  artifactKey: Guid(764d25cbe34d80248aa19a09604d65bb) Importer(815301076,1909f56bfc062723c751e8b465ee728b)
Start importing Assets/Handpainted_Grass_and_Ground_Textures/Textures/Dirt/dirt_overcorrupted/dirt_overcorrupted_left.png using Guid(764d25cbe34d80248aa19a09604d65bb) Importer(815301076,1909f56bfc062723c751e8b465ee728b)  -> (artifact id: 'c029f0951d4daf4bd06cc4fa6b511560') in 0.011745 seconds 
========================================================================
Received Import Request.
  Time since last request: 7.146819 seconds.
  path: Assets/Handpainted_Grass_and_Ground_Textures/Textures/Dirt/dirt_overcorrupted/dirt_overcorrupted_down.png
  artifactKey: Guid(87a98dc20286b194c8e608e017e9150a) Importer(815301076,1909f56bfc062723c751e8b465ee728b)
Start importing Assets/Handpainted_Grass_and_Ground_Textures/Textures/Dirt/dirt_overcorrupted/dirt_overcorrupted_down.png using Guid(87a98dc20286b194c8e608e017e9150a) Importer(815301076,1909f56bfc062723c751e8b465ee728b)  -> (artifact id: '22872dbc4c54933a10079d1445c8fc86') in 0.011083 seconds 
========================================================================
Received Import Request.
  Time since last request: 2.073992 seconds.
  path: Assets/Handpainted_Grass_and_Ground_Textures/Textures/Dirt/dirt_corrupted/dirt_corrupted_down.png
  artifactKey: Guid(6e03d6a07afb8314997276ef200d1f5d) Importer(815301076,1909f56bfc062723c751e8b465ee728b)
Start importing Assets/Handpainted_Grass_and_Ground_Textures/Textures/Dirt/dirt_corrupted/dirt_corrupted_down.png using Guid(6e03d6a07afb8314997276ef200d1f5d) Importer(815301076,1909f56bfc062723c751e8b465ee728b)  -> (artifact id: 'c0de882f78848fc462bc8bc6797445be') in 0.011278 seconds 
========================================================================
Received Import Request.
  Time since last request: 12.606691 seconds.
  path: Assets/Handpainted_Grass_and_Ground_Textures/Textures/Dirt/dirt_claydarked/dirt_claydarked_down.png
  artifactKey: Guid(a207d850508a70c46b922ceafbea7a7b) Importer(815301076,1909f56bfc062723c751e8b465ee728b)
Start importing Assets/Handpainted_Grass_and_Ground_Textures/Textures/Dirt/dirt_claydarked/dirt_claydarked_down.png using Guid(a207d850508a70c46b922ceafbea7a7b) Importer(815301076,1909f56bfc062723c751e8b465ee728b)  -> (artifact id: 'ca2ba24296dc73bf41b1693a05b5aede') in 0.009849 seconds 
========================================================================
Received Import Request.
  Time since last request: 15.397269 seconds.
  path: Assets/Handpainted_Grass_and_Ground_Textures/Textures/Dirt/dirt_corrupted_lighted/dirt_corrupted_lighted_down.png
  artifactKey: Guid(af53ed92faa41fd4ebd43ac7e1a8c086) Importer(815301076,1909f56bfc062723c751e8b465ee728b)
Start importing Assets/Handpainted_Grass_and_Ground_Textures/Textures/Dirt/dirt_corrupted_lighted/dirt_corrupted_lighted_down.png using Guid(af53ed92faa41fd4ebd43ac7e1a8c086) Importer(815301076,1909f56bfc062723c751e8b465ee728b)  -> (artifact id: 'e245b5bbd3503c7f4a5d631e514c9d38') in 0.010200 seconds 
========================================================================
Received Import Request.
  Time since last request: 486.046396 seconds.
  path: Assets/Materials/GRASS/GRASS.mat
  artifactKey: Guid(791b474ea903c7749b6a3bd6b8fa65e1) Importer(815301076,1909f56bfc062723c751e8b465ee728b)
Start importing Assets/Materials/GRASS/GRASS.mat using Guid(791b474ea903c7749b6a3bd6b8fa65e1) Importer(815301076,1909f56bfc062723c751e8b465ee728b)  -> (artifact id: 'b15e21dd9bceeb2246ae63f435d43c06') in 0.029307 seconds 
========================================================================
Received Prepare
Registering precompiled user dll's ...
Registered in 0.012050 seconds.
Begin MonoManager ReloadAssembly
Symbol file LoadedFromMemory doesn't match image C:\Users\ASUS\OneDrive\Documents\JAM2023\GGJ_2023_New\GGJ_Group\Library\PackageCache\com.unity.visualscripting@1.7.8\Editor\VisualScripting.Core\Dependencies\YamlDotNet\Unity.VisualScripting.YamlDotNet.dll
Symbol file LoadedFromMemory doesn't match image C:\Users\ASUS\OneDrive\Documents\JAM2023\GGJ_2023_New\GGJ_Group\Library\PackageCache\com.unity.visualscripting@1.7.8\Editor\VisualScripting.Core\Dependencies\DotNetZip\Unity.VisualScripting.IonicZip.dll
Native extension for WindowsStandalone target not found
Native extension for iOS target not found
Native extension for Android target not found
Refreshing native plugins compatible for Editor in 0.65 ms, found 3 plugins.
Preloading 0 native plugins for Editor in 0.00 ms.
[ScriptCompilation] NOT recompiling all scripts because this is an import worker process. Reason to compile was: Define symbols changed
Mono: successfully reloaded assembly
- Completed reload, in  1.167 seconds
Domain Reload Profiling:
	ReloadAssembly (1168ms)
		BeginReloadAssembly (170ms)
			ExecutionOrderSort (0ms)
			DisableScriptedObjects (5ms)
			BackupInstance (0ms)
			ReleaseScriptingObjects (0ms)
			CreateAndSetChildDomain (44ms)
		EndReloadAssembly (880ms)
			LoadAssemblies (131ms)
			RebuildTransferFunctionScriptingTraits (0ms)
			SetupTypeCache (312ms)
			ReleaseScriptCaches (2ms)
			RebuildScriptCaches (37ms)
			SetupLoadedEditorAssemblies (372ms)
				LogAssemblyErrors (0ms)
				InitializePlatformSupportModulesInManaged (33ms)
				SetLoadedEditorAssemblies (0ms)
				RefreshPlugins (1ms)
				BeforeProcessingInitializeOnLoad (75ms)
				ProcessInitializeOnLoadAttributes (223ms)
				ProcessInitializeOnLoadMethodAttributes (28ms)
				AfterProcessingInitializeOnLoad (11ms)
				EditorAssembliesLoaded (0ms)
			ExecutionOrderSort2 (0ms)
			AwakeInstancesAfterBackupRestoration (6ms)
Platform modules already initialized, skipping
Refreshing native plugins compatible for Editor in 2.61 ms, found 3 plugins.
Preloading 0 native plugins for Editor in 0.00 ms.
Unloading 3505 Unused Serialized files (Serialized files now loaded: 0)
Unloading 59 unused Assets / (3.3 MB). Loaded Objects now: 4001.
Memory consumption went from 146.7 MB to 143.4 MB.
Total: 4.992100 ms (FindLiveObjects: 0.250700 ms CreateObjectMapping: 0.220600 ms MarkObjects: 3.527900 ms  DeleteObjects: 0.991700 ms)

AssetImportParameters requested are different than current active one (requested -> active):
  custom:video-decoder-ogg-theora: a1e56fd34408186e4bbccfd4996cb3dc -> 
  custom:container-muxer-webm: aa71ff27fc2769a1b78a27578f13a17b -> 
  custom:container-demuxer-webm: 4f35f7cbe854078d1ac9338744f61a02 -> 
  custom:video-encoder-webm-vp8: eb34c28f22e8b96e1ab97ce403110664 -> 
  custom:video-codec-MediaFoundation-h265: 746d11721c4dcdbdad8f713fa42b33f4 -> 
  custom:audio-encoder-webm-vorbis: bf7c407c2cedff20999df2af8eb42d56 -> 
  custom:framework-win-MediaFoundation: 216162199b28c13a410421893ffa2e32 -> 
  custom:container-demuxer-ogg: 62fdf1f143b41e24485cea50d1cbac27 -> 
  custom:video-decoder-webm-vp8: 9c59270c3fd7afecdb556c50c9e8de78 -> 
  custom:audio-decoder-ogg-vorbis: bf7c407c2cedff20999df2af8eb42d56 -> 
========================================================================
Received Import Request.
  Time since last request: 701.641841 seconds.
  path: Assets/New Terrain.asset
  artifactKey: Guid(9273d1944753a6e4e85d9b6bdf507a6b) Importer(815301076,1909f56bfc062723c751e8b465ee728b)
Start importing Assets/New Terrain.asset using Guid(9273d1944753a6e4e85d9b6bdf507a6b) Importer(815301076,1909f56bfc062723c751e8b465ee728b)  -> (artifact id: 'b075f92776712913c0e07cb85dc8a865') in 0.052507 seconds 
========================================================================
Received Import Request.
  Time since last request: 7.020104 seconds.
  path: Assets/Materials/New Material.mat
  artifactKey: Guid(8fa435ae2cb1f6a4bb157e9648c97190) Importer(815301076,1909f56bfc062723c751e8b465ee728b)
Start importing Assets/Materials/New Material.mat using Guid(8fa435ae2cb1f6a4bb157e9648c97190) Importer(815301076,1909f56bfc062723c751e8b465ee728b)  -> (artifact id: 'ccf2587030782ae21c973e5656e681fe') in 0.051620 seconds 
========================================================================
Received Import Request.
  Time since last request: 43.800778 seconds.
  path: Assets/Materials/New Material.mat
  artifactKey: Guid(8fa435ae2cb1f6a4bb157e9648c97190) Importer(815301076,1909f56bfc062723c751e8b465ee728b)
Start importing Assets/Materials/New Material.mat using Guid(8fa435ae2cb1f6a4bb157e9648c97190) Importer(815301076,1909f56bfc062723c751e8b465ee728b)  -> (artifact id: '0c67265b5088218c5c6e3e860e81fd75') in 0.007836 seconds 
========================================================================
Received Import Request.
  Time since last request: 132.650630 seconds.
  path: Assets/Scanta/Zeamays Fighter/Prefabs
  artifactKey: Guid(e845a8e0aad744e58ace7d70c9a099b1) Importer(815301076,1909f56bfc062723c751e8b465ee728b)
Start importing Assets/Scanta/Zeamays Fighter/Prefabs using Guid(e845a8e0aad744e58ace7d70c9a099b1) Importer(815301076,1909f56bfc062723c751e8b465ee728b)  -> (artifact id: '5156a2b877bc3d968e99bbfd1bb370e1') in 0.002265 seconds 
========================================================================
Received Import Request.
  Time since last request: 0.140121 seconds.
  path: Assets/Scanta/Zeamays Fighter/Prefabs/Attack01.prefab
  artifactKey: Guid(8adc24504e08949689af5987575ca2d7) Importer(815301076,1909f56bfc062723c751e8b465ee728b)
Start importing Assets/Scanta/Zeamays Fighter/Prefabs/Attack01.prefab using Guid(8adc24504e08949689af5987575ca2d7) Importer(815301076,1909f56bfc062723c751e8b465ee728b)  -> (artifact id: '09d24d8bc540e3dfa922f31b611168be') in 0.328188 seconds 
========================================================================
Received Import Request.
  Time since last request: 0.000025 seconds.
  path: Assets/Scanta/Zeamays Fighter/Prefabs/Walking.prefab
  artifactKey: Guid(40bbc21cd00e84c91bf6a11ddeedb543) Importer(815301076,1909f56bfc062723c751e8b465ee728b)
Start importing Assets/Scanta/Zeamays Fighter/Prefabs/Walking.prefab using Guid(40bbc21cd00e84c91bf6a11ddeedb543) Importer(815301076,1909f56bfc062723c751e8b465ee728b)  -> (artifact id: '8103f7ec520b1661c04b94e3a207d551') in 0.035703 seconds 
========================================================================
Received Import Request.
  Time since last request: 0.000030 seconds.
  path: Assets/Scanta/Zeamays Fighter/Prefabs/ill.prefab
  artifactKey: Guid(01f7805ea1b294a6897095b9513dbf57) Importer(815301076,1909f56bfc062723c751e8b465ee728b)
Start importing Assets/Scanta/Zeamays Fighter/Prefabs/ill.prefab using Guid(01f7805ea1b294a6897095b9513dbf57) Importer(815301076,1909f56bfc062723c751e8b465ee728b)  -> (artifact id: '2fbb6e5bba4ffda98fb28a17f9ef7bc1') in 0.072522 seconds 
========================================================================
Received Import Request.
  Time since last request: 0.000027 seconds.
  path: Assets/Scanta/Zeamays Fighter/Prefabs/Scared.prefab
  artifactKey: Guid(335be6389f0dd47f888c9db3d41347be) Importer(815301076,1909f56bfc062723c751e8b465ee728b)
Start importing Assets/Scanta/Zeamays Fighter/Prefabs/Scared.prefab using Guid(335be6389f0dd47f888c9db3d41347be) Importer(815301076,1909f56bfc062723c751e8b465ee728b)  -> (artifact id: 'a36131a21bcf56c9969f4170a779724a') in 0.022063 seconds 
========================================================================
Received Import Request.
  Time since last request: 0.000029 seconds.
  path: Assets/Scanta/Zeamays Fighter/Prefabs/Taunt.prefab
  artifactKey: Guid(7a3cbc711da7b437384a4aa1207ad5d7) Importer(815301076,1909f56bfc062723c751e8b465ee728b)
Start importing Assets/Scanta/Zeamays Fighter/Prefabs/Taunt.prefab using Guid(7a3cbc711da7b437384a4aa1207ad5d7) Importer(815301076,1909f56bfc062723c751e8b465ee728b)  -> (artifact id: 'b5c8019196cdac1b2d035fda04cd53c6') in 0.024285 seconds 
========================================================================
Received Import Request.
  Time since last request: 0.000023 seconds.
  path: Assets/Scanta/Zeamays Fighter/Prefabs/Death.prefab
  artifactKey: Guid(1303cee17342149f0b2d0d2eb7bbc341) Importer(815301076,1909f56bfc062723c751e8b465ee728b)
Start importing Assets/Scanta/Zeamays Fighter/Prefabs/Death.prefab using Guid(1303cee17342149f0b2d0d2eb7bbc341) Importer(815301076,1909f56bfc062723c751e8b465ee728b)  -> (artifact id: '9033bc5963053ed0205d50171d6d2295') in 0.036981 seconds 
========================================================================
Received Import Request.
  Time since last request: 4.945099 seconds.
  path: Assets/Scanta/Zeamays Fighter/Models
  artifactKey: Guid(26cd3343a27d8454f89c022e7e7d1634) Importer(815301076,1909f56bfc062723c751e8b465ee728b)
Start importing Assets/Scanta/Zeamays Fighter/Models using Guid(26cd3343a27d8454f89c022e7e7d1634) Importer(815301076,1909f56bfc062723c751e8b465ee728b)  -> (artifact id: 'ebefb6f8a7680242c81512f76c6908dd') in 0.001649 seconds 
========================================================================
Received Import Request.
  Time since last request: 0.142190 seconds.
  path: Assets/Scanta/Zeamays Fighter/Models/Attack01.fbx
  artifactKey: Guid(0182ba30a17d9404eb5aaeea0dafefd7) Importer(815301076,1909f56bfc062723c751e8b465ee728b)
Start importing Assets/Scanta/Zeamays Fighter/Models/Attack01.fbx using Guid(0182ba30a17d9404eb5aaeea0dafefd7) Importer(815301076,1909f56bfc062723c751e8b465ee728b)  -> (artifact id: 'f076d76d8911fd9770426490ed0df749') in 0.074956 seconds 
========================================================================
Received Import Request.
  Time since last request: 0.000021 seconds.
  path: Assets/Scanta/Zeamays Fighter/Models/Walking.fbx
  artifactKey: Guid(668864d6676174f33a4b1730ad8ec6d7) Importer(815301076,1909f56bfc062723c751e8b465ee728b)
Start importing Assets/Scanta/Zeamays Fighter/Models/Walking.fbx using Guid(668864d6676174f33a4b1730ad8ec6d7) Importer(815301076,1909f56bfc062723c751e8b465ee728b)  -> (artifact id: '8e8071c729436bdc57035431564a1c0d') in 0.072126 seconds 
========================================================================
Received Import Request.
  Time since last request: 0.000027 seconds.
  path: Assets/Scanta/Zeamays Fighter/Models/Hit Reaction.fbx
  artifactKey: Guid(c3dfbf5ec9a38436eb3d63d735214961) Importer(815301076,1909f56bfc062723c751e8b465ee728b)
Start importing Assets/Scanta/Zeamays Fighter/Models/Hit Reaction.fbx using Guid(c3dfbf5ec9a38436eb3d63d735214961) Importer(815301076,1909f56bfc062723c751e8b465ee728b)  -> (artifact id: '47b7dd29e93f0f24d41b618748d9197c') in 0.050760 seconds 
========================================================================
Received Import Request.
  Time since last request: 0.000027 seconds.
  path: Assets/Scanta/Zeamays Fighter/Models/Excited.fbx
  artifactKey: Guid(a7dc28bbad2c84e5c8248ba9a41f748a) Importer(815301076,1909f56bfc062723c751e8b465ee728b)
Start importing Assets/Scanta/Zeamays Fighter/Models/Excited.fbx using Guid(a7dc28bbad2c84e5c8248ba9a41f748a) Importer(815301076,1909f56bfc062723c751e8b465ee728b)  -> (artifact id: '3bff07f7120d035f5aaabc46b8e9b9a3') in 0.033815 seconds 
========================================================================
Received Import Request.
  Time since last request: 0.000028 seconds.
  path: Assets/Scanta/Zeamays Fighter/Models/Running.fbx
  artifactKey: Guid(9c2f271d68f07425ca39e22b7bdc13f5) Importer(815301076,1909f56bfc062723c751e8b465ee728b)
Start importing Assets/Scanta/Zeamays Fighter/Models/Running.fbx using Guid(9c2f271d68f07425ca39e22b7bdc13f5) Importer(815301076,1909f56bfc062723c751e8b465ee728b)  -> (artifact id: '1427229a5c702d432bf8b97b81102437') in 0.059556 seconds 
========================================================================
Received Import Request.
  Time since last request: 0.000025 seconds.
  path: Assets/Scanta/Zeamays Fighter/Models/Jump.fbx
  artifactKey: Guid(2fe8dadb005894a6ba7d6505cbc90e5b) Importer(815301076,1909f56bfc062723c751e8b465ee728b)
Start importing Assets/Scanta/Zeamays Fighter/Models/Jump.fbx using Guid(2fe8dadb005894a6ba7d6505cbc90e5b) Importer(815301076,1909f56bfc062723c751e8b465ee728b)  -> (artifact id: 'd6d8594b83ca711d9e925327cb0e0b49') in 0.061000 seconds 
========================================================================
Received Import Request.
  Time since last request: 0.000026 seconds.
  path: Assets/Scanta/Zeamays Fighter/Models/Taunt.fbx
  artifactKey: Guid(0e19ca473e3c04b1dbabc39f2e29a7a2) Importer(815301076,1909f56bfc062723c751e8b465ee728b)
Start importing Assets/Scanta/Zeamays Fighter/Models/Taunt.fbx using Guid(0e19ca473e3c04b1dbabc39f2e29a7a2) Importer(815301076,1909f56bfc062723c751e8b465ee728b)  -> (artifact id: 'e4b994cda901b397522688e1849410a2') in 0.061380 seconds 
========================================================================
Received Import Request.
  Time since last request: 0.000022 seconds.
  path: Assets/Scanta/Zeamays Fighter/Models/Death.fbx
  artifactKey: Guid(6409bee34a80047758d528da2403be5a) Importer(815301076,1909f56bfc062723c751e8b465ee728b)
Start importing Assets/Scanta/Zeamays Fighter/Models/Death.fbx using Guid(6409bee34a80047758d528da2403be5a) Importer(815301076,1909f56bfc062723c751e8b465ee728b)  -> (artifact id: '59906312f9fc20928f5617cb7b4a6d41') in 0.059687 seconds 
========================================================================
Received Import Request.
  Time since last request: 0.000045 seconds.
  path: Assets/Scanta/Zeamays Fighter/Models/Defeated.fbx
  artifactKey: Guid(280042745292046fcb2f0238e82331c9) Importer(815301076,1909f56bfc062723c751e8b465ee728b)
Start importing Assets/Scanta/Zeamays Fighter/Models/Defeated.fbx using Guid(280042745292046fcb2f0238e82331c9) Importer(815301076,1909f56bfc062723c751e8b465ee728b)  -> (artifact id: 'ccce98fe3a2be87bcc2b6d006726cec7') in 0.042591 seconds 
