Using pre-set license
Built from '2021.3/staging' branch; Version is '2021.3.8f1 (b30333d56e81) revision 11731763'; Using compiler version '192829333'; Build Type 'Release'
OS: 'Windows 10  (10.0.19045) 64bit Core' Language: 'en' Physical Memory: 16321 MB
BatchMode: 1, IsHumanControllingUs: 0, StartBugReporterOnCrash: 0, Is64bit: 1, IsPro: 1

COMMAND LINE ARGUMENTS:
C:\Program Files\Unity\Hub\Editor\2021.3.8f1\Editor\Unity.exe
-adb2
-batchMode
-noUpm
-name
AssetImportWorker0
-projectPath
C:/Users/zefan/OneDrive/Documents/GitHub/GGJ_2023_New/GGJ_Group
-logFile
Logs/AssetImportWorker0.log
-srvPort
49407
Successfully changed project path to: C:/Users/zefan/OneDrive/Documents/GitHub/GGJ_2023_New/GGJ_Group
C:/Users/zefan/OneDrive/Documents/GitHub/GGJ_2023_New/GGJ_Group
[UnityMemory] Configuration Parameters - Can be set up in boot.config
    "memorysetup-bucket-allocator-granularity=16"
    "memorysetup-bucket-allocator-bucket-count=8"
    "memorysetup-bucket-allocator-block-size=33554432"
    "memorysetup-bucket-allocator-block-count=8"
    "memorysetup-main-allocator-block-size=16777216"
    "memorysetup-thread-allocator-block-size=16777216"
    "memorysetup-gfx-main-allocator-block-size=16777216"
    "memorysetup-gfx-thread-allocator-block-size=16777216"
    "memorysetup-cache-allocator-block-size=4194304"
    "memorysetup-typetree-allocator-block-size=2097152"
    "memorysetup-profiler-bucket-allocator-granularity=16"
    "memorysetup-profiler-bucket-allocator-bucket-count=8"
    "memorysetup-profiler-bucket-allocator-block-size=33554432"
    "memorysetup-profiler-bucket-allocator-block-count=8"
    "memorysetup-profiler-allocator-block-size=16777216"
    "memorysetup-profiler-editor-allocator-block-size=1048576"
    "memorysetup-temp-allocator-size-main=16777216"
    "memorysetup-job-temp-allocator-block-size=2097152"
    "memorysetup-job-temp-allocator-block-size-background=1048576"
    "memorysetup-job-temp-allocator-reduction-small-platforms=262144"
    "memorysetup-temp-allocator-size-background-worker=32768"
    "memorysetup-temp-allocator-size-job-worker=262144"
    "memorysetup-temp-allocator-size-preload-manager=33554432"
    "memorysetup-temp-allocator-size-nav-mesh-worker=65536"
    "memorysetup-temp-allocator-size-audio-worker=65536"
    "memorysetup-temp-allocator-size-cloud-worker=32768"
    "memorysetup-temp-allocator-size-gi-baking-worker=262144"
    "memorysetup-temp-allocator-size-gfx=262144"
Refreshing native plugins compatible for Editor in 99.15 ms, found 3 plugins.
Preloading 0 native plugins for Editor in 0.00 ms.
Initialize engine version: 2021.3.8f1 (b30333d56e81)
[Subsystems] Discovering subsystems at path C:/Program Files/Unity/Hub/Editor/2021.3.8f1/Editor/Data/Resources/UnitySubsystems
[Subsystems] Discovering subsystems at path C:/Users/zefan/OneDrive/Documents/GitHub/GGJ_2023_New/GGJ_Group/Assets
GfxDevice: creating device client; threaded=0; jobified=0
Direct3D:
    Version:  Direct3D 11.0 [level 11.1]
    Renderer: NVIDIA GeForce GTX 1060 6GB (ID=0x1c03)
    Vendor:   NVIDIA
    VRAM:     6052 MB
    Driver:   31.0.15.1694
Initialize mono
Mono path[0] = 'C:/Program Files/Unity/Hub/Editor/2021.3.8f1/Editor/Data/Managed'
Mono path[1] = 'C:/Program Files/Unity/Hub/Editor/2021.3.8f1/Editor/Data/MonoBleedingEdge/lib/mono/unityjit-win32'
Mono config path = 'C:/Program Files/Unity/Hub/Editor/2021.3.8f1/Editor/Data/MonoBleedingEdge/etc'
Using monoOptions --debugger-agent=transport=dt_socket,embedding=1,server=y,suspend=n,address=127.0.0.1:56416
Begin MonoManager ReloadAssembly
Registering precompiled unity dll's ...
Register platform support module: C:/Program Files/Unity/Hub/Editor/2021.3.8f1/Editor/Data/PlaybackEngines/AndroidPlayer/UnityEditor.Android.Extensions.dll
Register platform support module: C:/Program Files/Unity/Hub/Editor/2021.3.8f1/Editor/Data/PlaybackEngines/WindowsStandaloneSupport/UnityEditor.WindowsStandalone.Extensions.dll
Registered in 0.010298 seconds.
Native extension for WindowsStandalone target not found
Native extension for Android target not found
Refreshing native plugins compatible for Editor in 95.97 ms, found 3 plugins.
Preloading 0 native plugins for Editor in 0.00 ms.
Mono: successfully reloaded assembly
- Completed reload, in  0.719 seconds
Domain Reload Profiling:
	ReloadAssembly (720ms)
		BeginReloadAssembly (80ms)
			ExecutionOrderSort (0ms)
			DisableScriptedObjects (0ms)
			BackupInstance (0ms)
			ReleaseScriptingObjects (0ms)
			CreateAndSetChildDomain (1ms)
		EndReloadAssembly (518ms)
			LoadAssemblies (78ms)
			RebuildTransferFunctionScriptingTraits (0ms)
			SetupTypeCache (126ms)
			ReleaseScriptCaches (0ms)
			RebuildScriptCaches (31ms)
			SetupLoadedEditorAssemblies (308ms)
				LogAssemblyErrors (0ms)
				InitializePlatformSupportModulesInManaged (58ms)
				SetLoadedEditorAssemblies (0ms)
				RefreshPlugins (96ms)
				BeforeProcessingInitializeOnLoad (1ms)
				ProcessInitializeOnLoadAttributes (106ms)
				ProcessInitializeOnLoadMethodAttributes (47ms)
				AfterProcessingInitializeOnLoad (0ms)
				EditorAssembliesLoaded (0ms)
			ExecutionOrderSort2 (0ms)
			AwakeInstancesAfterBackupRestoration (0ms)
Platform modules already initialized, skipping
Registering precompiled user dll's ...
Registered in 0.008432 seconds.
Begin MonoManager ReloadAssembly
Symbol file LoadedFromMemory doesn't match image C:\Users\zefan\OneDrive\Documents\GitHub\GGJ_2023_New\GGJ_Group\Library\PackageCache\com.unity.visualscripting@1.7.8\Editor\VisualScripting.Core\Dependencies\YamlDotNet\Unity.VisualScripting.YamlDotNet.dll
Symbol file LoadedFromMemory doesn't match image C:\Users\zefan\OneDrive\Documents\GitHub\GGJ_2023_New\GGJ_Group\Library\PackageCache\com.unity.visualscripting@1.7.8\Editor\VisualScripting.Core\Dependencies\DotNetZip\Unity.VisualScripting.IonicZip.dll
Native extension for WindowsStandalone target not found
Native extension for Android target not found
Refreshing native plugins compatible for Editor in 0.62 ms, found 3 plugins.
Preloading 0 native plugins for Editor in 0.00 ms.
Mono: successfully reloaded assembly
- Completed reload, in  1.229 seconds
Domain Reload Profiling:
	ReloadAssembly (1230ms)
		BeginReloadAssembly (222ms)
			ExecutionOrderSort (0ms)
			DisableScriptedObjects (6ms)
			BackupInstance (0ms)
			ReleaseScriptingObjects (0ms)
			CreateAndSetChildDomain (125ms)
		EndReloadAssembly (879ms)
			LoadAssemblies (91ms)
			RebuildTransferFunctionScriptingTraits (0ms)
			SetupTypeCache (282ms)
			ReleaseScriptCaches (1ms)
			RebuildScriptCaches (54ms)
			SetupLoadedEditorAssemblies (413ms)
				LogAssemblyErrors (0ms)
				InitializePlatformSupportModulesInManaged (18ms)
				SetLoadedEditorAssemblies (0ms)
				RefreshPlugins (1ms)
				BeforeProcessingInitializeOnLoad (102ms)
				ProcessInitializeOnLoadAttributes (253ms)
				ProcessInitializeOnLoadMethodAttributes (29ms)
				AfterProcessingInitializeOnLoad (10ms)
				EditorAssembliesLoaded (0ms)
			ExecutionOrderSort2 (0ms)
			AwakeInstancesAfterBackupRestoration (7ms)
Platform modules already initialized, skipping
========================================================================
Worker process is ready to serve import requests
Launched and connected shader compiler UnityShaderCompiler.exe after 0.07 seconds
Refreshing native plugins compatible for Editor in 0.62 ms, found 3 plugins.
Preloading 0 native plugins for Editor in 0.00 ms.
Unloading 3510 Unused Serialized files (Serialized files now loaded: 0)
Unloading 39 unused Assets / (1.3 MB). Loaded Objects now: 3977.
Memory consumption went from 142.8 MB to 141.5 MB.
Total: 5.799500 ms (FindLiveObjects: 0.305100 ms CreateObjectMapping: 0.348000 ms MarkObjects: 4.797000 ms  DeleteObjects: 0.348200 ms)

AssetImportParameters requested are different than current active one (requested -> active):
  custom:video-decoder-ogg-theora: a1e56fd34408186e4bbccfd4996cb3dc -> 
  custom:container-muxer-webm: aa71ff27fc2769a1b78a27578f13a17b -> 
  custom:container-demuxer-webm: 4f35f7cbe854078d1ac9338744f61a02 -> 
  custom:video-encoder-webm-vp8: eb34c28f22e8b96e1ab97ce403110664 -> 
  custom:audio-encoder-webm-vorbis: bf7c407c2cedff20999df2af8eb42d56 -> 
  custom:framework-win-MediaFoundation: 216162199b28c13a410421893ffa2e32 -> 
  custom:container-demuxer-ogg: 62fdf1f143b41e24485cea50d1cbac27 -> 
  custom:video-decoder-webm-vp8: 9c59270c3fd7afecdb556c50c9e8de78 -> 
  custom:audio-decoder-ogg-vorbis: bf7c407c2cedff20999df2af8eb42d56 -> 
========================================================================
Received Import Request.
  Time since last request: 1614883.446899 seconds.
  path: Assets/Low Poly Environment Starter Kit
  artifactKey: Guid(dd1fea4b207cee443bd8a328a0ec1bf1) Importer(815301076,1909f56bfc062723c751e8b465ee728b)
Start importing Assets/Low Poly Environment Starter Kit using Guid(dd1fea4b207cee443bd8a328a0ec1bf1) Importer(815301076,1909f56bfc062723c751e8b465ee728b)  -> (artifact id: 'a5e9306f24f9328b2bbf296c8f4bbd6b') in 0.011950 seconds 
========================================================================
Received Import Request.
  Time since last request: 11.189220 seconds.
  path: Assets/Scanta
  artifactKey: Guid(07e1f35f62da3af418a2a6c9b8113d30) Importer(815301076,1909f56bfc062723c751e8b465ee728b)
Start importing Assets/Scanta using Guid(07e1f35f62da3af418a2a6c9b8113d30) Importer(815301076,1909f56bfc062723c751e8b465ee728b)  -> (artifact id: 'a655b7efdb48bd851c32d67982c7d85f') in 0.006274 seconds 
========================================================================
Received Import Request.
  Time since last request: 2.804962 seconds.
  path: Assets/Models
  artifactKey: Guid(ee985c037d4ae874c9e5df1e6b634a65) Importer(815301076,1909f56bfc062723c751e8b465ee728b)
Start importing Assets/Models using Guid(ee985c037d4ae874c9e5df1e6b634a65) Importer(815301076,1909f56bfc062723c751e8b465ee728b)  -> (artifact id: '70a48f10392b5ba9ed58ba870cda3569') in 0.005852 seconds 
========================================================================
Received Import Request.
  Time since last request: 0.073770 seconds.
  path: Assets/Models/GRASS.fbx
  artifactKey: Guid(a34784a7403947640bf86aeb46a4955a) Importer(815301076,1909f56bfc062723c751e8b465ee728b)
Start importing Assets/Models/GRASS.fbx using Guid(a34784a7403947640bf86aeb46a4955a) Importer(815301076,1909f56bfc062723c751e8b465ee728b)  -> (artifact id: '587a837cfec3e2d37cb2625f50b0114c') in 0.507964 seconds 
========================================================================
Received Import Request.
  Time since last request: 20.075582 seconds.
  path: Assets/Materials
  artifactKey: Guid(7d99964749e1b5e499e1379c425579ff) Importer(815301076,1909f56bfc062723c751e8b465ee728b)
Start importing Assets/Materials using Guid(7d99964749e1b5e499e1379c425579ff) Importer(815301076,1909f56bfc062723c751e8b465ee728b)  -> (artifact id: 'dd54455391718e7b8016823842fcc3b2') in 0.006298 seconds 
========================================================================
Received Import Request.
  Time since last request: 0.090034 seconds.
  path: Assets/Materials/New Material.mat
  artifactKey: Guid(8fa435ae2cb1f6a4bb157e9648c97190) Importer(815301076,1909f56bfc062723c751e8b465ee728b)
Start importing Assets/Materials/New Material.mat using Guid(8fa435ae2cb1f6a4bb157e9648c97190) Importer(815301076,1909f56bfc062723c751e8b465ee728b)  -> (artifact id: '6a5bbc7e0b9c7beb40c079d8ecfce046') in 0.053902 seconds 
========================================================================
Received Import Request.
  Time since last request: 6.299570 seconds.
  path: Assets/Materials/RedShroom
  artifactKey: Guid(68d74091ded329547afcbc1186941bc0) Importer(815301076,1909f56bfc062723c751e8b465ee728b)
Start importing Assets/Materials/RedShroom using Guid(68d74091ded329547afcbc1186941bc0) Importer(815301076,1909f56bfc062723c751e8b465ee728b)  -> (artifact id: '228679f2859b83e2ea045126d0ecefe3') in 0.005699 seconds 
========================================================================
Received Import Request.
  Time since last request: 4.604149 seconds.
  path: Assets/Materials/BlueShroom
  artifactKey: Guid(1e4eab11ca59ec94ea5be69a06bd9d22) Importer(815301076,1909f56bfc062723c751e8b465ee728b)
Start importing Assets/Materials/BlueShroom using Guid(1e4eab11ca59ec94ea5be69a06bd9d22) Importer(815301076,1909f56bfc062723c751e8b465ee728b)  -> (artifact id: '22671e747a8cd0cfc5a6a959b4437828') in 0.005460 seconds 
========================================================================
Received Import Request.
  Time since last request: 16.319880 seconds.
  path: Assets/Materials/RedShroom/RedShroomOBJ_Body_BaseMap.png
  artifactKey: Guid(b830c241c69e1a94b96dc5e5cec79b9c) Importer(815301076,1909f56bfc062723c751e8b465ee728b)
Start importing Assets/Materials/RedShroom/RedShroomOBJ_Body_BaseMap.png using Guid(b830c241c69e1a94b96dc5e5cec79b9c) Importer(815301076,1909f56bfc062723c751e8b465ee728b)  -> (artifact id: '70c08f2f87ed7ed3aae4af60603be71a') in 0.448176 seconds 
========================================================================
Received Import Request.
  Time since last request: 0.000032 seconds.
  path: Assets/Materials/RedShroom/RedShroomOBJ_Head_Normal.png
  artifactKey: Guid(ffe45a0b42fdc4f4390aaf54debd895d) Importer(815301076,1909f56bfc062723c751e8b465ee728b)
Start importing Assets/Materials/RedShroom/RedShroomOBJ_Head_Normal.png using Guid(ffe45a0b42fdc4f4390aaf54debd895d) Importer(815301076,1909f56bfc062723c751e8b465ee728b)  -> (artifact id: 'cca01e0e7c8b8586e66650979fd1f922') in 0.023441 seconds 
========================================================================
Received Import Request.
  Time since last request: 0.000043 seconds.
  path: Assets/Materials/RedShroom/RedShroomOBJ_Head_BaseMap.png
  artifactKey: Guid(a7b0c2eb43e839c49a1ff1574aa032a9) Importer(815301076,1909f56bfc062723c751e8b465ee728b)
Start importing Assets/Materials/RedShroom/RedShroomOBJ_Head_BaseMap.png using Guid(a7b0c2eb43e839c49a1ff1574aa032a9) Importer(815301076,1909f56bfc062723c751e8b465ee728b)  -> (artifact id: 'c0648b2c104bb2d090f092e51cc3397d') in 0.018255 seconds 
========================================================================
Received Import Request.
  Time since last request: 10.080563 seconds.
  path: Assets/Materials/BlueShroom/BlueShroomOBJ_Body_BaseMap.png
  artifactKey: Guid(858b7ff093d31fa4cba48fe184d30683) Importer(815301076,1909f56bfc062723c751e8b465ee728b)
Start importing Assets/Materials/BlueShroom/BlueShroomOBJ_Body_BaseMap.png using Guid(858b7ff093d31fa4cba48fe184d30683) Importer(815301076,1909f56bfc062723c751e8b465ee728b)  -> (artifact id: 'b6fda29e5ea6f86ad2316e72a7612962') in 0.025972 seconds 
========================================================================
Received Import Request.
  Time since last request: 0.000018 seconds.
  path: Assets/Materials/BlueShroom/BlueShroomOBJ_Head_Normal.png
  artifactKey: Guid(30ccca737da3f944c9d0626e45544c3f) Importer(815301076,1909f56bfc062723c751e8b465ee728b)
Start importing Assets/Materials/BlueShroom/BlueShroomOBJ_Head_Normal.png using Guid(30ccca737da3f944c9d0626e45544c3f) Importer(815301076,1909f56bfc062723c751e8b465ee728b)  -> (artifact id: 'e59b774e4d57589260371e95731fdf68') in 0.078945 seconds 
========================================================================
Received Import Request.
  Time since last request: 15.045803 seconds.
  path: Assets/Materials/RedShroom/RedShroomHead.mat
  artifactKey: Guid(76058b9fa4227594e8db4381481a184f) Importer(815301076,1909f56bfc062723c751e8b465ee728b)
Start importing Assets/Materials/RedShroom/RedShroomHead.mat using Guid(76058b9fa4227594e8db4381481a184f) Importer(815301076,1909f56bfc062723c751e8b465ee728b)  -> (artifact id: '66dbb1a353ae2eae27a7519472e6ea2d') in 0.011532 seconds 
========================================================================
Received Import Request.
  Time since last request: 7.058528 seconds.
  path: Assets/Materials/RedShroom/RedShroomBody.mat
  artifactKey: Guid(f54c6c6f6d8707149b5d3c253e1d9ea8) Importer(815301076,1909f56bfc062723c751e8b465ee728b)
Start importing Assets/Materials/RedShroom/RedShroomBody.mat using Guid(f54c6c6f6d8707149b5d3c253e1d9ea8) Importer(815301076,1909f56bfc062723c751e8b465ee728b)  -> (artifact id: '153b464219d0d695dffbf51fc06f8a19') in 0.014854 seconds 
========================================================================
Received Import Request.
  Time since last request: 1.153277 seconds.
  path: Assets/Materials/RedShroom/RedShroomBody 1.mat
  artifactKey: Guid(4fa600898d6462e49ba714615710cd63) Importer(815301076,1909f56bfc062723c751e8b465ee728b)
Start importing Assets/Materials/RedShroom/RedShroomBody 1.mat using Guid(4fa600898d6462e49ba714615710cd63) Importer(815301076,1909f56bfc062723c751e8b465ee728b)  -> (artifact id: 'fcecc9e0aa3847bd3de515b77abd364b') in 0.014559 seconds 
========================================================================
Received Import Request.
  Time since last request: 6.359039 seconds.
  path: Assets/Materials/RedShroom/RedShroomSpots.mat
  artifactKey: Guid(4fa600898d6462e49ba714615710cd63) Importer(815301076,1909f56bfc062723c751e8b465ee728b)
Start importing Assets/Materials/RedShroom/RedShroomSpots.mat using Guid(4fa600898d6462e49ba714615710cd63) Importer(815301076,1909f56bfc062723c751e8b465ee728b)  -> (artifact id: '1e731293e52dfae149dceb9ead6e6623') in 0.019048 seconds 
========================================================================
Received Import Request.
  Time since last request: 9.439678 seconds.
  path: Assets/Materials/BlueShroom/BlueShroomHead.mat
  artifactKey: Guid(f72ef21849378dc4caf342d5250e4da5) Importer(815301076,1909f56bfc062723c751e8b465ee728b)
Start importing Assets/Materials/BlueShroom/BlueShroomHead.mat using Guid(f72ef21849378dc4caf342d5250e4da5) Importer(815301076,1909f56bfc062723c751e8b465ee728b)  -> (artifact id: '4e24db2d818143d733f5485ad2aeb17d') in 0.013565 seconds 
========================================================================
Received Import Request.
  Time since last request: 2.123195 seconds.
  path: Assets/Materials/BlueShroom/BlueShroomHead 1.mat
  artifactKey: Guid(e4187f94b708fb247874671db3def1ba) Importer(815301076,1909f56bfc062723c751e8b465ee728b)
Start importing Assets/Materials/BlueShroom/BlueShroomHead 1.mat using Guid(e4187f94b708fb247874671db3def1ba) Importer(815301076,1909f56bfc062723c751e8b465ee728b)  -> (artifact id: 'c107b89d04e5c0223e0f3a966f68fdaf') in 0.012273 seconds 
========================================================================
Received Import Request.
  Time since last request: 4.398367 seconds.
  path: Assets/Materials/BlueShroom/BlueShroomBody.mat
  artifactKey: Guid(e4187f94b708fb247874671db3def1ba) Importer(815301076,1909f56bfc062723c751e8b465ee728b)
Start importing Assets/Materials/BlueShroom/BlueShroomBody.mat using Guid(e4187f94b708fb247874671db3def1ba) Importer(815301076,1909f56bfc062723c751e8b465ee728b)  -> (artifact id: '3802e6f152f4db0104f3e42b99dfa91c') in 0.010832 seconds 
========================================================================
Received Import Request.
  Time since last request: 26.700633 seconds.
  path: Assets/Models/BlueShroomAnim.fbx
  artifactKey: Guid(80aabee9ab151be4ba7e02dd75ee4b94) Importer(815301076,1909f56bfc062723c751e8b465ee728b)
Start importing Assets/Models/BlueShroomAnim.fbx using Guid(80aabee9ab151be4ba7e02dd75ee4b94) Importer(815301076,1909f56bfc062723c751e8b465ee728b)  -> (artifact id: '59c2736327e2ebe645ed2e3623c46d05') in 0.342589 seconds 
========================================================================
Received Import Request.
  Time since last request: 0.000035 seconds.
  path: Assets/Models/RedShroomRigged.fbx
  artifactKey: Guid(d9053adfb230485479af923983adb62f) Importer(815301076,1909f56bfc062723c751e8b465ee728b)
Start importing Assets/Models/RedShroomRigged.fbx using Guid(d9053adfb230485479af923983adb62f) Importer(815301076,1909f56bfc062723c751e8b465ee728b)  -> (artifact id: '3fa649252f79409d4ac320fce10a1543') in 0.127519 seconds 
========================================================================
Received Import Request.
  Time since last request: 69.014204 seconds.
  path: Assets/Models/BlueShroomAnim.fbx
  artifactKey: Guid(80aabee9ab151be4ba7e02dd75ee4b94) Importer(815301076,1909f56bfc062723c751e8b465ee728b)
Start importing Assets/Models/BlueShroomAnim.fbx using Guid(80aabee9ab151be4ba7e02dd75ee4b94) Importer(815301076,1909f56bfc062723c751e8b465ee728b)  -> (artifact id: '592409827946d9c4d97296840220f768') in 0.058177 seconds 
========================================================================
Received Import Request.
  Time since last request: 0.073772 seconds.
  path: Assets/Models/RedShroomRigged.fbx
  artifactKey: Guid(d9053adfb230485479af923983adb62f) Importer(815301076,1909f56bfc062723c751e8b465ee728b)
Start importing Assets/Models/RedShroomRigged.fbx using Guid(d9053adfb230485479af923983adb62f) Importer(815301076,1909f56bfc062723c751e8b465ee728b)  -> (artifact id: '1d0da6edb98b4826585ff0c81aa9a0f7') in 0.126280 seconds 
========================================================================
Received Import Request.
  Time since last request: 8.114834 seconds.
  path: Assets/Materials/BlueShroom/BlueShroomOBJ_Body_Normal.png
  artifactKey: Guid(b7c94c4f5db83e7479f0c848fc903e5b) Importer(815301076,1909f56bfc062723c751e8b465ee728b)
Start importing Assets/Materials/BlueShroom/BlueShroomOBJ_Body_Normal.png using Guid(b7c94c4f5db83e7479f0c848fc903e5b) Importer(815301076,1909f56bfc062723c751e8b465ee728b)  -> (artifact id: '5f3bf6b62e1599028402dc46d32028d0') in 0.038198 seconds 
========================================================================
Received Import Request.
  Time since last request: 24.702965 seconds.
  path: Assets/Materials/RedShroom/RedShroomOBJ_Body_Normal.png
  artifactKey: Guid(c544e7936184a764689ea9a2de15904b) Importer(815301076,1909f56bfc062723c751e8b465ee728b)
Start importing Assets/Materials/RedShroom/RedShroomOBJ_Body_Normal.png using Guid(c544e7936184a764689ea9a2de15904b) Importer(815301076,1909f56bfc062723c751e8b465ee728b)  -> (artifact id: '568960b760b8b64e88478a36556ee94f') in 0.017656 seconds 
========================================================================
Received Import Request.
  Time since last request: 120.119728 seconds.
  path: Assets/Animations
  artifactKey: Guid(3a962a166851c084bacd2d80f5b9472a) Importer(815301076,1909f56bfc062723c751e8b465ee728b)
Start importing Assets/Animations using Guid(3a962a166851c084bacd2d80f5b9472a) Importer(815301076,1909f56bfc062723c751e8b465ee728b)  -> (artifact id: 'a47b0bc21bf9265f643a5cc0301bf23d') in 0.005843 seconds 
========================================================================
Received Import Request.
  Time since last request: 9.727430 seconds.
  path: Assets/Animations/RedShroomAnim.controller
  artifactKey: Guid(559460dc7441eab4689011d3e625685f) Importer(815301076,1909f56bfc062723c751e8b465ee728b)
Start importing Assets/Animations/RedShroomAnim.controller using Guid(559460dc7441eab4689011d3e625685f) Importer(815301076,1909f56bfc062723c751e8b465ee728b)  -> (artifact id: '410ed4a59ddd5a3dafe2f00bf2709f04') in 0.007518 seconds 
========================================================================
Received Import Request.
  Time since last request: 8.489824 seconds.
  path: Assets/Animations/BlueShroomAnim.controller
  artifactKey: Guid(dda9998b8e63ea24e9cd32328a6a579e) Importer(815301076,1909f56bfc062723c751e8b465ee728b)
Start importing Assets/Animations/BlueShroomAnim.controller using Guid(dda9998b8e63ea24e9cd32328a6a579e) Importer(815301076,1909f56bfc062723c751e8b465ee728b)  -> (artifact id: 'da0ec05d2ac7f6ce27c4abce4c9a9bcf') in 0.002891 seconds 
========================================================================
Received Import Request.
  Time since last request: 19.739669 seconds.
  path: Assets/Models/RedShroomAnim.fbx
  artifactKey: Guid(6637a7fcd4a8a0644ae1e7e35d0f9836) Importer(815301076,1909f56bfc062723c751e8b465ee728b)
Start importing Assets/Models/RedShroomAnim.fbx using Guid(6637a7fcd4a8a0644ae1e7e35d0f9836) Importer(815301076,1909f56bfc062723c751e8b465ee728b)  -> (artifact id: '34e87035ecc8a798a3972c431573fa16') in 0.112431 seconds 
========================================================================
Received Import Request.
  Time since last request: 15.340331 seconds.
  path: Assets/Models/BlueShroomAnim.fbx
  artifactKey: Guid(80aabee9ab151be4ba7e02dd75ee4b94) Importer(815301076,1909f56bfc062723c751e8b465ee728b)
Start importing Assets/Models/BlueShroomAnim.fbx using Guid(80aabee9ab151be4ba7e02dd75ee4b94) Importer(815301076,1909f56bfc062723c751e8b465ee728b)  -> (artifact id: '18a6de6489c585cc062ba4a23cf07e97') in 0.054369 seconds 
========================================================================
Received Prepare
Registering precompiled user dll's ...
Registered in 0.008933 seconds.
Begin MonoManager ReloadAssembly
Symbol file LoadedFromMemory doesn't match image C:\Users\zefan\OneDrive\Documents\GitHub\GGJ_2023_New\GGJ_Group\Library\PackageCache\com.unity.visualscripting@1.7.8\Editor\VisualScripting.Core\Dependencies\YamlDotNet\Unity.VisualScripting.YamlDotNet.dll
Symbol file LoadedFromMemory doesn't match image C:\Users\zefan\OneDrive\Documents\GitHub\GGJ_2023_New\GGJ_Group\Library\PackageCache\com.unity.visualscripting@1.7.8\Editor\VisualScripting.Core\Dependencies\DotNetZip\Unity.VisualScripting.IonicZip.dll
Native extension for WindowsStandalone target not found
Native extension for Android target not found
Refreshing native plugins compatible for Editor in 0.65 ms, found 3 plugins.
Preloading 0 native plugins for Editor in 0.00 ms.
Mono: successfully reloaded assembly
- Completed reload, in  1.205 seconds
Domain Reload Profiling:
	ReloadAssembly (1205ms)
		BeginReloadAssembly (143ms)
			ExecutionOrderSort (0ms)
			DisableScriptedObjects (5ms)
			BackupInstance (0ms)
			ReleaseScriptingObjects (0ms)
			CreateAndSetChildDomain (38ms)
		EndReloadAssembly (959ms)
			LoadAssemblies (90ms)
			RebuildTransferFunctionScriptingTraits (0ms)
			SetupTypeCache (340ms)
			ReleaseScriptCaches (1ms)
			RebuildScriptCaches (52ms)
			SetupLoadedEditorAssemblies (419ms)
				LogAssemblyErrors (0ms)
				InitializePlatformSupportModulesInManaged (26ms)
				SetLoadedEditorAssemblies (0ms)
				RefreshPlugins (1ms)
				BeforeProcessingInitializeOnLoad (93ms)
				ProcessInitializeOnLoadAttributes (255ms)
				ProcessInitializeOnLoadMethodAttributes (32ms)
				AfterProcessingInitializeOnLoad (12ms)
				EditorAssembliesLoaded (0ms)
			ExecutionOrderSort2 (0ms)
			AwakeInstancesAfterBackupRestoration (8ms)
Platform modules already initialized, skipping
Refreshing native plugins compatible for Editor in 2.42 ms, found 3 plugins.
Preloading 0 native plugins for Editor in 0.00 ms.
Unloading 3478 Unused Serialized files (Serialized files now loaded: 0)
Unloading 32 unused Assets / (1.3 MB). Loaded Objects now: 4028.
Memory consumption went from 157.8 MB to 156.5 MB.
Total: 3.734700 ms (FindLiveObjects: 0.354400 ms CreateObjectMapping: 0.406500 ms MarkObjects: 2.645900 ms  DeleteObjects: 0.327000 ms)

AssetImportParameters requested are different than current active one (requested -> active):
  custom:video-decoder-ogg-theora: a1e56fd34408186e4bbccfd4996cb3dc -> 
  custom:container-muxer-webm: aa71ff27fc2769a1b78a27578f13a17b -> 
  custom:container-demuxer-webm: 4f35f7cbe854078d1ac9338744f61a02 -> 
  custom:video-encoder-webm-vp8: eb34c28f22e8b96e1ab97ce403110664 -> 
  custom:audio-encoder-webm-vorbis: bf7c407c2cedff20999df2af8eb42d56 -> 
  custom:framework-win-MediaFoundation: 216162199b28c13a410421893ffa2e32 -> 
  custom:container-demuxer-ogg: 62fdf1f143b41e24485cea50d1cbac27 -> 
  custom:video-decoder-webm-vp8: 9c59270c3fd7afecdb556c50c9e8de78 -> 
  custom:audio-decoder-ogg-vorbis: bf7c407c2cedff20999df2af8eb42d56 -> 
========================================================================
Received Prepare
Registering precompiled user dll's ...
Registered in 0.009052 seconds.
Begin MonoManager ReloadAssembly
Symbol file LoadedFromMemory doesn't match image C:\Users\zefan\OneDrive\Documents\GitHub\GGJ_2023_New\GGJ_Group\Library\PackageCache\com.unity.visualscripting@1.7.8\Editor\VisualScripting.Core\Dependencies\YamlDotNet\Unity.VisualScripting.YamlDotNet.dll
Symbol file LoadedFromMemory doesn't match image C:\Users\zefan\OneDrive\Documents\GitHub\GGJ_2023_New\GGJ_Group\Library\PackageCache\com.unity.visualscripting@1.7.8\Editor\VisualScripting.Core\Dependencies\DotNetZip\Unity.VisualScripting.IonicZip.dll
Native extension for WindowsStandalone target not found
Native extension for Android target not found
Refreshing native plugins compatible for Editor in 1.64 ms, found 3 plugins.
Preloading 0 native plugins for Editor in 0.00 ms.
Mono: successfully reloaded assembly
- Completed reload, in  1.235 seconds
Domain Reload Profiling:
	ReloadAssembly (1236ms)
		BeginReloadAssembly (143ms)
			ExecutionOrderSort (0ms)
			DisableScriptedObjects (5ms)
			BackupInstance (0ms)
			ReleaseScriptingObjects (0ms)
			CreateAndSetChildDomain (38ms)
		EndReloadAssembly (991ms)
			LoadAssemblies (94ms)
			RebuildTransferFunctionScriptingTraits (0ms)
			SetupTypeCache (331ms)
			ReleaseScriptCaches (1ms)
			RebuildScriptCaches (50ms)
			SetupLoadedEditorAssemblies (440ms)
				LogAssemblyErrors (0ms)
				InitializePlatformSupportModulesInManaged (35ms)
				SetLoadedEditorAssemblies (2ms)
				RefreshPlugins (2ms)
				BeforeProcessingInitializeOnLoad (86ms)
				ProcessInitializeOnLoadAttributes (261ms)
				ProcessInitializeOnLoadMethodAttributes (39ms)
				AfterProcessingInitializeOnLoad (15ms)
				EditorAssembliesLoaded (0ms)
			ExecutionOrderSort2 (0ms)
			AwakeInstancesAfterBackupRestoration (8ms)
Platform modules already initialized, skipping
Refreshing native plugins compatible for Editor in 2.79 ms, found 3 plugins.
Preloading 0 native plugins for Editor in 0.00 ms.
Unloading 3478 Unused Serialized files (Serialized files now loaded: 0)
Unloading 32 unused Assets / (1.3 MB). Loaded Objects now: 4031.
Memory consumption went from 157.8 MB to 156.5 MB.
Total: 3.399300 ms (FindLiveObjects: 0.304000 ms CreateObjectMapping: 0.227500 ms MarkObjects: 2.584400 ms  DeleteObjects: 0.282300 ms)

AssetImportParameters requested are different than current active one (requested -> active):
  custom:video-decoder-ogg-theora: a1e56fd34408186e4bbccfd4996cb3dc -> 
  custom:container-muxer-webm: aa71ff27fc2769a1b78a27578f13a17b -> 
  custom:container-demuxer-webm: 4f35f7cbe854078d1ac9338744f61a02 -> 
  custom:video-encoder-webm-vp8: eb34c28f22e8b96e1ab97ce403110664 -> 
  custom:audio-encoder-webm-vorbis: bf7c407c2cedff20999df2af8eb42d56 -> 
  custom:framework-win-MediaFoundation: 216162199b28c13a410421893ffa2e32 -> 
  custom:container-demuxer-ogg: 62fdf1f143b41e24485cea50d1cbac27 -> 
  custom:video-decoder-webm-vp8: 9c59270c3fd7afecdb556c50c9e8de78 -> 
  custom:audio-decoder-ogg-vorbis: bf7c407c2cedff20999df2af8eb42d56 -> 
